[nproc_per_node: 1]
[nnodes: 1]
[node_rank: 0]
[master_addr: 127.0.0.1]
[master_port: 12347]
W&B offline. Running your script from this directory will only write metadata locally. Use wandb disabled to completely turn off W&B.
[tf32] [precis] torch.get_float32_matmul_precision(): high
[tf32] [ conv ] torch.backends.cudnn.allow_tf32: True
[tf32] [matmul] torch.backends.cuda.matmul.allow_tf32: True
[lrk=0, rk=0]
[03-15 05:05:19] (/dataset_t2i_iterable.py, line 120)=> self.dynamic_resolution_across_gpus: 1
[03-15 05:05:19] (/dataset_t2i_iterable.py, line 121)=> self.enable_dynamic_length_prompt: 1
[03-15 05:05:19] (/dataset_t2i_iterable.py, line 122)=> self.buffer_size: 30000
[03-15 05:05:19] (/dataset_t2i_iterable.py, line 149)=> ../RepControlNet/data/canny_laion/infinity_10k/splits/1.000_000010000.jsonl has sufficient examples (10000), proportion: 100.0%, > global workers (8)! Preserve h_div_w_template: 1.000
[03-15 05:05:19] (/dataset_t2i_iterable.py, line 160)=> [data preprocess] split_meta_files
[03-15 05:05:19] (/dataset_t2i_iterable.py, line 185)=> [data preprocess] split_meta_files done
[03-15 05:05:19] (/dataset_t2i_iterable.py, line 131)=> num_replicas: 1, rank: 0, dataloader_workers: 8, seed:1741986318, samples_div_gpus_workers_batchsize_2batches: 39
[03-15 05:05:19] (gannh9/Infinity/train.py, line 305)=> args.batch_size=32, vbs=48
[03-15 05:05:19] (gannh9/Infinity/train.py, line 309)=> len(dataloader): 312, len(dataset): 312, total_samples: 9984
[03-15 05:05:19] (gannh9/Infinity/train.py, line 310)=> [dataloader] gbs=32, lbs=32, iters_train=312, type(train_set)=T2IIterableDataset
[03-15 05:05:19] (gannh9/Infinity/train.py, line  74)=> train_h_div_w_list=['1.000']
[03-15 05:05:19] (gannh9/Infinity/train.py, line  78)=> Load vae form weights/infinity_vae_d32_rdn_short.pth
[03-15 05:05:20] (y/infinity/utils/load.py, line  73)=> [create gpt_wo_ddp] constructor kw={'pretrained': False, 'global_pool': '', 'text_channels': 2048, 'text_maxlen': 512, 'norm_eps': 1e-06, 'rms_norm': False, 'shared_aln': True, 'head_aln': True, 'cond_drop_rate': 0.1, 'rand_uncond': False, 'drop_rate': 0.0, 'cross_attn_layer_scale': -1, 'nm0': False, 'tau': 1, 'cos_attn': True, 'swiglu': False, 'raw_scale_schedule': None, 'head_depth': 1, 'top_p': 0.0, 'top_k': 0.0, 'customized_flash_attn': False, 'fused_mlp': False, 'fused_norm': False, 'checkpointing': 'full-block', 'pad_to_multiplier': 128, 'use_flex_attn': True, 'batch_size': 32, 'add_lvl_embeding_only_first_block': 1, 'use_bit_label': 1, 'rope2d_each_sa_layer': 1, 'rope2d_normalized_by_hw': 2, 'pn': '0.06M', 'train_h_div_w_list': ['1.000'], 'always_training_scales': 100, 'apply_spatial_patchify': 0, 'use_image_adapter': 1}

[03-15 05:05:20] (y/infinity/utils/load.py, line  77)=> model_str='infinity_2bc8'
[03-15 05:05:20] (inity/models/infinity.py, line 170)=> self.codebook_dim: 32, self.add_lvl_embeding_only_first_block: 1,             self.use_bit_label: 1, self.rope2d_each_sa_layer: 1, self.rope2d_normalized_by_hw: 2
[03-15 05:05:20] (inity/models/infinity.py, line 342)=> ====== apply flex attn hdivw: 1.000 scales: 7 ======
[03-15 05:05:26] (inity/models/infinity.py, line 311)=> self.num_blocks_in_a_chunk=4, depth=32, block_chunks=8
[03-15 05:05:26] (inity/models/infinity.py, line 319)=> 
[constructor]  ==== customized_flash_attn=False (using_flash=0/32), fused_mlp=False (fused_mlp=0/32) ==== 
    [Infinity config ] embed_dim=2048, num_heads=16, depth=32, mlp_ratio=4, swiglu=False num_blocks_in_a_chunk=4
    [drop ratios] drop_rate=0.0, drop_path_rate=0.1 (tensor([0.0000, 0.0032, 0.0065, 0.0097, 0.0129, 0.0161, 0.0194, 0.0226, 0.0258,
        0.0290, 0.0323, 0.0355, 0.0387, 0.0419, 0.0452, 0.0484, 0.0516, 0.0548,
        0.0581, 0.0613, 0.0645, 0.0677, 0.0710, 0.0742, 0.0774, 0.0806, 0.0839,
        0.0871, 0.0903, 0.0935, 0.0968, 0.1000]))

[03-15 05:05:28] (y/infinity/utils/load.py, line  99)=> cfg_uncond: False
[03-15 05:05:28] (y/infinity/utils/load.py, line  99)=> pos_start: False
[03-15 05:05:28] (y/infinity/utils/load.py, line  99)=> text_norm.weight: False
[03-15 05:05:28] (y/infinity/utils/load.py, line  99)=> text_proj_for_sos.ca.mat_q: False
[03-15 05:05:28] (y/infinity/utils/load.py, line  99)=> text_proj_for_sos.ca.v_bias: False
[03-15 05:05:28] (y/infinity/utils/load.py, line  99)=> text_proj_for_sos.ca.mat_kv.weight: False
[03-15 05:05:28] (y/infinity/utils/load.py, line  99)=> text_proj_for_sos.ca.proj.weight: False
[03-15 05:05:28] (y/infinity/utils/load.py, line  99)=> text_proj_for_sos.ca.proj.bias: False
[03-15 05:05:28] (y/infinity/utils/load.py, line  99)=> text_proj_for_ca.0.weight: False
[03-15 05:05:28] (y/infinity/utils/load.py, line  99)=> text_proj_for_ca.0.bias: False
[03-15 05:05:28] (y/infinity/utils/load.py, line  99)=> text_proj_for_ca.2.weight: False
[03-15 05:05:28] (y/infinity/utils/load.py, line  99)=> text_proj_for_ca.2.bias: False
[03-15 05:05:28] (y/infinity/utils/load.py, line  99)=> lvl_embed.weight: False
[03-15 05:05:28] (y/infinity/utils/load.py, line  99)=> word_embed.weight: False
[03-15 05:05:28] (y/infinity/utils/load.py, line  99)=> word_embed.bias: False
[03-15 05:05:28] (y/infinity/utils/load.py, line  99)=> shared_ada_lin.1.weight: False
[03-15 05:05:28] (y/infinity/utils/load.py, line  99)=> shared_ada_lin.1.bias: False
[03-15 05:05:28] (y/infinity/utils/load.py, line  99)=> head_nm.ada_lin.1.weight: False
[03-15 05:05:28] (y/infinity/utils/load.py, line  99)=> head_nm.ada_lin.1.bias: False
[03-15 05:05:28] (y/infinity/utils/load.py, line  99)=> head.weight: False
[03-15 05:05:28] (y/infinity/utils/load.py, line  99)=> head.bias: False
[03-15 05:05:28] (y/infinity/utils/load.py, line  99)=> block_chunks.0.module.0.ada_gss: False
[03-15 05:05:28] (y/infinity/utils/load.py, line  99)=> block_chunks.0.module.0.sa.scale_mul_1H11: False
[03-15 05:05:28] (y/infinity/utils/load.py, line  99)=> block_chunks.0.module.0.sa.q_bias: False
[03-15 05:05:28] (y/infinity/utils/load.py, line  99)=> block_chunks.0.module.0.sa.v_bias: False
[03-15 05:05:28] (y/infinity/utils/load.py, line  99)=> block_chunks.0.module.0.sa.mat_qkv.weight: False
[03-15 05:05:28] (y/infinity/utils/load.py, line  99)=> block_chunks.0.module.0.sa.proj.weight: False
[03-15 05:05:28] (y/infinity/utils/load.py, line  99)=> block_chunks.0.module.0.sa.proj.bias: False
[03-15 05:05:28] (y/infinity/utils/load.py, line  99)=> block_chunks.0.module.0.ca.v_bias: False
[03-15 05:05:28] (y/infinity/utils/load.py, line  99)=> block_chunks.0.module.0.ca.mat_q.weight: False
[03-15 05:05:28] (y/infinity/utils/load.py, line  99)=> block_chunks.0.module.0.ca.mat_q.bias: False
[03-15 05:05:28] (y/infinity/utils/load.py, line  99)=> block_chunks.0.module.0.ca.mat_kv.weight: False
[03-15 05:05:28] (y/infinity/utils/load.py, line  99)=> block_chunks.0.module.0.ca.proj.weight: False
[03-15 05:05:28] (y/infinity/utils/load.py, line  99)=> block_chunks.0.module.0.ca.proj.bias: False
[03-15 05:05:28] (y/infinity/utils/load.py, line  99)=> block_chunks.0.module.0.ffn.fc1.weight: False
[03-15 05:05:28] (y/infinity/utils/load.py, line  99)=> block_chunks.0.module.0.ffn.fc1.bias: False
[03-15 05:05:28] (y/infinity/utils/load.py, line  99)=> block_chunks.0.module.0.ffn.fc2.weight: False
[03-15 05:05:28] (y/infinity/utils/load.py, line  99)=> block_chunks.0.module.0.ffn.fc2.bias: False
[03-15 05:05:28] (y/infinity/utils/load.py, line  99)=> block_chunks.0.module.0.ca_norm.weight: False
[03-15 05:05:28] (y/infinity/utils/load.py, line  99)=> block_chunks.0.module.0.ca_norm.bias: False
[03-15 05:05:28] (y/infinity/utils/load.py, line  99)=> block_chunks.0.module.1.ada_gss: False
[03-15 05:05:28] (y/infinity/utils/load.py, line  99)=> block_chunks.0.module.1.sa.scale_mul_1H11: False
[03-15 05:05:28] (y/infinity/utils/load.py, line  99)=> block_chunks.0.module.1.sa.q_bias: False
[03-15 05:05:28] (y/infinity/utils/load.py, line  99)=> block_chunks.0.module.1.sa.v_bias: False
[03-15 05:05:28] (y/infinity/utils/load.py, line  99)=> block_chunks.0.module.1.sa.mat_qkv.weight: False
[03-15 05:05:28] (y/infinity/utils/load.py, line  99)=> block_chunks.0.module.1.sa.proj.weight: False
[03-15 05:05:28] (y/infinity/utils/load.py, line  99)=> block_chunks.0.module.1.sa.proj.bias: False
[03-15 05:05:28] (y/infinity/utils/load.py, line  99)=> block_chunks.0.module.1.ca.v_bias: False
[03-15 05:05:28] (y/infinity/utils/load.py, line  99)=> block_chunks.0.module.1.ca.mat_q.weight: False
[03-15 05:05:28] (y/infinity/utils/load.py, line  99)=> block_chunks.0.module.1.ca.mat_q.bias: False
[03-15 05:05:28] (y/infinity/utils/load.py, line  99)=> block_chunks.0.module.1.ca.mat_kv.weight: False
[03-15 05:05:28] (y/infinity/utils/load.py, line  99)=> block_chunks.0.module.1.ca.proj.weight: False
[03-15 05:05:28] (y/infinity/utils/load.py, line  99)=> block_chunks.0.module.1.ca.proj.bias: False
[03-15 05:05:28] (y/infinity/utils/load.py, line  99)=> block_chunks.0.module.1.ffn.fc1.weight: False
[03-15 05:05:28] (y/infinity/utils/load.py, line  99)=> block_chunks.0.module.1.ffn.fc1.bias: False
[03-15 05:05:28] (y/infinity/utils/load.py, line  99)=> block_chunks.0.module.1.ffn.fc2.weight: False
[03-15 05:05:28] (y/infinity/utils/load.py, line  99)=> block_chunks.0.module.1.ffn.fc2.bias: False
[03-15 05:05:28] (y/infinity/utils/load.py, line  99)=> block_chunks.0.module.1.ca_norm.weight: False
[03-15 05:05:28] (y/infinity/utils/load.py, line  99)=> block_chunks.0.module.1.ca_norm.bias: False
[03-15 05:05:28] (y/infinity/utils/load.py, line  99)=> block_chunks.0.module.2.ada_gss: False
[03-15 05:05:28] (y/infinity/utils/load.py, line  99)=> block_chunks.0.module.2.sa.scale_mul_1H11: False
[03-15 05:05:28] (y/infinity/utils/load.py, line  99)=> block_chunks.0.module.2.sa.q_bias: False
[03-15 05:05:28] (y/infinity/utils/load.py, line  99)=> block_chunks.0.module.2.sa.v_bias: False
[03-15 05:05:28] (y/infinity/utils/load.py, line  99)=> block_chunks.0.module.2.sa.mat_qkv.weight: False
[03-15 05:05:28] (y/infinity/utils/load.py, line  99)=> block_chunks.0.module.2.sa.proj.weight: False
[03-15 05:05:28] (y/infinity/utils/load.py, line  99)=> block_chunks.0.module.2.sa.proj.bias: False
[03-15 05:05:28] (y/infinity/utils/load.py, line  99)=> block_chunks.0.module.2.ca.v_bias: False
[03-15 05:05:28] (y/infinity/utils/load.py, line  99)=> block_chunks.0.module.2.ca.mat_q.weight: False
[03-15 05:05:28] (y/infinity/utils/load.py, line  99)=> block_chunks.0.module.2.ca.mat_q.bias: False
[03-15 05:05:28] (y/infinity/utils/load.py, line  99)=> block_chunks.0.module.2.ca.mat_kv.weight: False
[03-15 05:05:28] (y/infinity/utils/load.py, line  99)=> block_chunks.0.module.2.ca.proj.weight: False
[03-15 05:05:28] (y/infinity/utils/load.py, line  99)=> block_chunks.0.module.2.ca.proj.bias: False
[03-15 05:05:28] (y/infinity/utils/load.py, line  99)=> block_chunks.0.module.2.ffn.fc1.weight: False
[03-15 05:05:28] (y/infinity/utils/load.py, line  99)=> block_chunks.0.module.2.ffn.fc1.bias: False
[03-15 05:05:28] (y/infinity/utils/load.py, line  99)=> block_chunks.0.module.2.ffn.fc2.weight: False
[03-15 05:05:28] (y/infinity/utils/load.py, line  99)=> block_chunks.0.module.2.ffn.fc2.bias: False
[03-15 05:05:28] (y/infinity/utils/load.py, line  99)=> block_chunks.0.module.2.ca_norm.weight: False
[03-15 05:05:28] (y/infinity/utils/load.py, line  99)=> block_chunks.0.module.2.ca_norm.bias: False
[03-15 05:05:28] (y/infinity/utils/load.py, line  99)=> block_chunks.0.module.3.ada_gss: False
[03-15 05:05:28] (y/infinity/utils/load.py, line  99)=> block_chunks.0.module.3.sa.scale_mul_1H11: False
[03-15 05:05:28] (y/infinity/utils/load.py, line  99)=> block_chunks.0.module.3.sa.q_bias: False
[03-15 05:05:28] (y/infinity/utils/load.py, line  99)=> block_chunks.0.module.3.sa.v_bias: False
[03-15 05:05:28] (y/infinity/utils/load.py, line  99)=> block_chunks.0.module.3.sa.mat_qkv.weight: False
[03-15 05:05:28] (y/infinity/utils/load.py, line  99)=> block_chunks.0.module.3.sa.proj.weight: False
[03-15 05:05:28] (y/infinity/utils/load.py, line  99)=> block_chunks.0.module.3.sa.proj.bias: False
[03-15 05:05:28] (y/infinity/utils/load.py, line  99)=> block_chunks.0.module.3.ca.v_bias: False
[03-15 05:05:28] (y/infinity/utils/load.py, line  99)=> block_chunks.0.module.3.ca.mat_q.weight: False
[03-15 05:05:28] (y/infinity/utils/load.py, line  99)=> block_chunks.0.module.3.ca.mat_q.bias: False
[03-15 05:05:28] (y/infinity/utils/load.py, line  99)=> block_chunks.0.module.3.ca.mat_kv.weight: False
[03-15 05:05:28] (y/infinity/utils/load.py, line  99)=> block_chunks.0.module.3.ca.proj.weight: False
[03-15 05:05:28] (y/infinity/utils/load.py, line  99)=> block_chunks.0.module.3.ca.proj.bias: False
[03-15 05:05:28] (y/infinity/utils/load.py, line  99)=> block_chunks.0.module.3.ffn.fc1.weight: False
[03-15 05:05:28] (y/infinity/utils/load.py, line  99)=> block_chunks.0.module.3.ffn.fc1.bias: False
[03-15 05:05:28] (y/infinity/utils/load.py, line  99)=> block_chunks.0.module.3.ffn.fc2.weight: False
[03-15 05:05:28] (y/infinity/utils/load.py, line  99)=> block_chunks.0.module.3.ffn.fc2.bias: False
[03-15 05:05:28] (y/infinity/utils/load.py, line  99)=> block_chunks.0.module.3.ca_norm.weight: False
[03-15 05:05:28] (y/infinity/utils/load.py, line  99)=> block_chunks.0.module.3.ca_norm.bias: False
[03-15 05:05:28] (y/infinity/utils/load.py, line  99)=> block_chunks.1.module.0.ada_gss: False
[03-15 05:05:28] (y/infinity/utils/load.py, line  99)=> block_chunks.1.module.0.sa.scale_mul_1H11: False
[03-15 05:05:28] (y/infinity/utils/load.py, line  99)=> block_chunks.1.module.0.sa.q_bias: False
[03-15 05:05:28] (y/infinity/utils/load.py, line  99)=> block_chunks.1.module.0.sa.v_bias: False
[03-15 05:05:28] (y/infinity/utils/load.py, line  99)=> block_chunks.1.module.0.sa.mat_qkv.weight: False
[03-15 05:05:28] (y/infinity/utils/load.py, line  99)=> block_chunks.1.module.0.sa.proj.weight: False
[03-15 05:05:28] (y/infinity/utils/load.py, line  99)=> block_chunks.1.module.0.sa.proj.bias: False
[03-15 05:05:28] (y/infinity/utils/load.py, line  99)=> block_chunks.1.module.0.ca.v_bias: False
[03-15 05:05:28] (y/infinity/utils/load.py, line  99)=> block_chunks.1.module.0.ca.mat_q.weight: False
[03-15 05:05:28] (y/infinity/utils/load.py, line  99)=> block_chunks.1.module.0.ca.mat_q.bias: False
[03-15 05:05:28] (y/infinity/utils/load.py, line  99)=> block_chunks.1.module.0.ca.mat_kv.weight: False
[03-15 05:05:28] (y/infinity/utils/load.py, line  99)=> block_chunks.1.module.0.ca.proj.weight: False
[03-15 05:05:28] (y/infinity/utils/load.py, line  99)=> block_chunks.1.module.0.ca.proj.bias: False
[03-15 05:05:28] (y/infinity/utils/load.py, line  99)=> block_chunks.1.module.0.ffn.fc1.weight: False
[03-15 05:05:28] (y/infinity/utils/load.py, line  99)=> block_chunks.1.module.0.ffn.fc1.bias: False
[03-15 05:05:28] (y/infinity/utils/load.py, line  99)=> block_chunks.1.module.0.ffn.fc2.weight: False
[03-15 05:05:28] (y/infinity/utils/load.py, line  99)=> block_chunks.1.module.0.ffn.fc2.bias: False
[03-15 05:05:28] (y/infinity/utils/load.py, line  99)=> block_chunks.1.module.0.ca_norm.weight: False
[03-15 05:05:28] (y/infinity/utils/load.py, line  99)=> block_chunks.1.module.0.ca_norm.bias: False
[03-15 05:05:28] (y/infinity/utils/load.py, line  99)=> block_chunks.1.module.1.ada_gss: False
[03-15 05:05:28] (y/infinity/utils/load.py, line  99)=> block_chunks.1.module.1.sa.scale_mul_1H11: False
[03-15 05:05:28] (y/infinity/utils/load.py, line  99)=> block_chunks.1.module.1.sa.q_bias: False
[03-15 05:05:28] (y/infinity/utils/load.py, line  99)=> block_chunks.1.module.1.sa.v_bias: False
[03-15 05:05:28] (y/infinity/utils/load.py, line  99)=> block_chunks.1.module.1.sa.mat_qkv.weight: False
[03-15 05:05:28] (y/infinity/utils/load.py, line  99)=> block_chunks.1.module.1.sa.proj.weight: False
[03-15 05:05:28] (y/infinity/utils/load.py, line  99)=> block_chunks.1.module.1.sa.proj.bias: False
[03-15 05:05:28] (y/infinity/utils/load.py, line  99)=> block_chunks.1.module.1.ca.v_bias: False
[03-15 05:05:28] (y/infinity/utils/load.py, line  99)=> block_chunks.1.module.1.ca.mat_q.weight: False
[03-15 05:05:28] (y/infinity/utils/load.py, line  99)=> block_chunks.1.module.1.ca.mat_q.bias: False
[03-15 05:05:28] (y/infinity/utils/load.py, line  99)=> block_chunks.1.module.1.ca.mat_kv.weight: False
[03-15 05:05:28] (y/infinity/utils/load.py, line  99)=> block_chunks.1.module.1.ca.proj.weight: False
[03-15 05:05:28] (y/infinity/utils/load.py, line  99)=> block_chunks.1.module.1.ca.proj.bias: False
[03-15 05:05:28] (y/infinity/utils/load.py, line  99)=> block_chunks.1.module.1.ffn.fc1.weight: False
[03-15 05:05:28] (y/infinity/utils/load.py, line  99)=> block_chunks.1.module.1.ffn.fc1.bias: False
[03-15 05:05:28] (y/infinity/utils/load.py, line  99)=> block_chunks.1.module.1.ffn.fc2.weight: False
[03-15 05:05:28] (y/infinity/utils/load.py, line  99)=> block_chunks.1.module.1.ffn.fc2.bias: False
[03-15 05:05:28] (y/infinity/utils/load.py, line  99)=> block_chunks.1.module.1.ca_norm.weight: False
[03-15 05:05:28] (y/infinity/utils/load.py, line  99)=> block_chunks.1.module.1.ca_norm.bias: False
[03-15 05:05:28] (y/infinity/utils/load.py, line  99)=> block_chunks.1.module.2.ada_gss: False
[03-15 05:05:28] (y/infinity/utils/load.py, line  99)=> block_chunks.1.module.2.sa.scale_mul_1H11: False
[03-15 05:05:28] (y/infinity/utils/load.py, line  99)=> block_chunks.1.module.2.sa.q_bias: False
[03-15 05:05:28] (y/infinity/utils/load.py, line  99)=> block_chunks.1.module.2.sa.v_bias: False
[03-15 05:05:28] (y/infinity/utils/load.py, line  99)=> block_chunks.1.module.2.sa.mat_qkv.weight: False
[03-15 05:05:28] (y/infinity/utils/load.py, line  99)=> block_chunks.1.module.2.sa.proj.weight: False
[03-15 05:05:28] (y/infinity/utils/load.py, line  99)=> block_chunks.1.module.2.sa.proj.bias: False
[03-15 05:05:28] (y/infinity/utils/load.py, line  99)=> block_chunks.1.module.2.ca.v_bias: False
[03-15 05:05:28] (y/infinity/utils/load.py, line  99)=> block_chunks.1.module.2.ca.mat_q.weight: False
[03-15 05:05:28] (y/infinity/utils/load.py, line  99)=> block_chunks.1.module.2.ca.mat_q.bias: False
[03-15 05:05:28] (y/infinity/utils/load.py, line  99)=> block_chunks.1.module.2.ca.mat_kv.weight: False
[03-15 05:05:28] (y/infinity/utils/load.py, line  99)=> block_chunks.1.module.2.ca.proj.weight: False
[03-15 05:05:28] (y/infinity/utils/load.py, line  99)=> block_chunks.1.module.2.ca.proj.bias: False
[03-15 05:05:28] (y/infinity/utils/load.py, line  99)=> block_chunks.1.module.2.ffn.fc1.weight: False
[03-15 05:05:28] (y/infinity/utils/load.py, line  99)=> block_chunks.1.module.2.ffn.fc1.bias: False
[03-15 05:05:28] (y/infinity/utils/load.py, line  99)=> block_chunks.1.module.2.ffn.fc2.weight: False
[03-15 05:05:28] (y/infinity/utils/load.py, line  99)=> block_chunks.1.module.2.ffn.fc2.bias: False
[03-15 05:05:28] (y/infinity/utils/load.py, line  99)=> block_chunks.1.module.2.ca_norm.weight: False
[03-15 05:05:28] (y/infinity/utils/load.py, line  99)=> block_chunks.1.module.2.ca_norm.bias: False
[03-15 05:05:28] (y/infinity/utils/load.py, line  99)=> block_chunks.1.module.3.ada_gss: False
[03-15 05:05:28] (y/infinity/utils/load.py, line  99)=> block_chunks.1.module.3.sa.scale_mul_1H11: False
[03-15 05:05:28] (y/infinity/utils/load.py, line  99)=> block_chunks.1.module.3.sa.q_bias: False
[03-15 05:05:28] (y/infinity/utils/load.py, line  99)=> block_chunks.1.module.3.sa.v_bias: False
[03-15 05:05:28] (y/infinity/utils/load.py, line  99)=> block_chunks.1.module.3.sa.mat_qkv.weight: False
[03-15 05:05:28] (y/infinity/utils/load.py, line  99)=> block_chunks.1.module.3.sa.proj.weight: False
[03-15 05:05:28] (y/infinity/utils/load.py, line  99)=> block_chunks.1.module.3.sa.proj.bias: False
[03-15 05:05:28] (y/infinity/utils/load.py, line  99)=> block_chunks.1.module.3.ca.v_bias: False
[03-15 05:05:28] (y/infinity/utils/load.py, line  99)=> block_chunks.1.module.3.ca.mat_q.weight: False
[03-15 05:05:28] (y/infinity/utils/load.py, line  99)=> block_chunks.1.module.3.ca.mat_q.bias: False
[03-15 05:05:28] (y/infinity/utils/load.py, line  99)=> block_chunks.1.module.3.ca.mat_kv.weight: False
[03-15 05:05:28] (y/infinity/utils/load.py, line  99)=> block_chunks.1.module.3.ca.proj.weight: False
[03-15 05:05:28] (y/infinity/utils/load.py, line  99)=> block_chunks.1.module.3.ca.proj.bias: False
[03-15 05:05:28] (y/infinity/utils/load.py, line  99)=> block_chunks.1.module.3.ffn.fc1.weight: False
[03-15 05:05:28] (y/infinity/utils/load.py, line  99)=> block_chunks.1.module.3.ffn.fc1.bias: False
[03-15 05:05:28] (y/infinity/utils/load.py, line  99)=> block_chunks.1.module.3.ffn.fc2.weight: False
[03-15 05:05:28] (y/infinity/utils/load.py, line  99)=> block_chunks.1.module.3.ffn.fc2.bias: False
[03-15 05:05:28] (y/infinity/utils/load.py, line  99)=> block_chunks.1.module.3.ca_norm.weight: False
[03-15 05:05:28] (y/infinity/utils/load.py, line  99)=> block_chunks.1.module.3.ca_norm.bias: False
[03-15 05:05:28] (y/infinity/utils/load.py, line  99)=> block_chunks.2.module.0.ada_gss: False
[03-15 05:05:28] (y/infinity/utils/load.py, line  99)=> block_chunks.2.module.0.sa.scale_mul_1H11: False
[03-15 05:05:28] (y/infinity/utils/load.py, line  99)=> block_chunks.2.module.0.sa.q_bias: False
[03-15 05:05:28] (y/infinity/utils/load.py, line  99)=> block_chunks.2.module.0.sa.v_bias: False
[03-15 05:05:28] (y/infinity/utils/load.py, line  99)=> block_chunks.2.module.0.sa.mat_qkv.weight: False
[03-15 05:05:28] (y/infinity/utils/load.py, line  99)=> block_chunks.2.module.0.sa.proj.weight: False
[03-15 05:05:28] (y/infinity/utils/load.py, line  99)=> block_chunks.2.module.0.sa.proj.bias: False
[03-15 05:05:28] (y/infinity/utils/load.py, line  99)=> block_chunks.2.module.0.ca.v_bias: False
[03-15 05:05:28] (y/infinity/utils/load.py, line  99)=> block_chunks.2.module.0.ca.mat_q.weight: False
[03-15 05:05:28] (y/infinity/utils/load.py, line  99)=> block_chunks.2.module.0.ca.mat_q.bias: False
[03-15 05:05:28] (y/infinity/utils/load.py, line  99)=> block_chunks.2.module.0.ca.mat_kv.weight: False
[03-15 05:05:28] (y/infinity/utils/load.py, line  99)=> block_chunks.2.module.0.ca.proj.weight: False
[03-15 05:05:28] (y/infinity/utils/load.py, line  99)=> block_chunks.2.module.0.ca.proj.bias: False
[03-15 05:05:28] (y/infinity/utils/load.py, line  99)=> block_chunks.2.module.0.ffn.fc1.weight: False
[03-15 05:05:28] (y/infinity/utils/load.py, line  99)=> block_chunks.2.module.0.ffn.fc1.bias: False
[03-15 05:05:28] (y/infinity/utils/load.py, line  99)=> block_chunks.2.module.0.ffn.fc2.weight: False
[03-15 05:05:28] (y/infinity/utils/load.py, line  99)=> block_chunks.2.module.0.ffn.fc2.bias: False
[03-15 05:05:28] (y/infinity/utils/load.py, line  99)=> block_chunks.2.module.0.ca_norm.weight: False
[03-15 05:05:28] (y/infinity/utils/load.py, line  99)=> block_chunks.2.module.0.ca_norm.bias: False
[03-15 05:05:28] (y/infinity/utils/load.py, line  99)=> block_chunks.2.module.1.ada_gss: False
[03-15 05:05:28] (y/infinity/utils/load.py, line  99)=> block_chunks.2.module.1.sa.scale_mul_1H11: False
[03-15 05:05:28] (y/infinity/utils/load.py, line  99)=> block_chunks.2.module.1.sa.q_bias: False
[03-15 05:05:28] (y/infinity/utils/load.py, line  99)=> block_chunks.2.module.1.sa.v_bias: False
[03-15 05:05:28] (y/infinity/utils/load.py, line  99)=> block_chunks.2.module.1.sa.mat_qkv.weight: False
[03-15 05:05:28] (y/infinity/utils/load.py, line  99)=> block_chunks.2.module.1.sa.proj.weight: False
[03-15 05:05:28] (y/infinity/utils/load.py, line  99)=> block_chunks.2.module.1.sa.proj.bias: False
[03-15 05:05:28] (y/infinity/utils/load.py, line  99)=> block_chunks.2.module.1.ca.v_bias: False
[03-15 05:05:28] (y/infinity/utils/load.py, line  99)=> block_chunks.2.module.1.ca.mat_q.weight: False
[03-15 05:05:28] (y/infinity/utils/load.py, line  99)=> block_chunks.2.module.1.ca.mat_q.bias: False
[03-15 05:05:28] (y/infinity/utils/load.py, line  99)=> block_chunks.2.module.1.ca.mat_kv.weight: False
[03-15 05:05:28] (y/infinity/utils/load.py, line  99)=> block_chunks.2.module.1.ca.proj.weight: False
[03-15 05:05:28] (y/infinity/utils/load.py, line  99)=> block_chunks.2.module.1.ca.proj.bias: False
[03-15 05:05:28] (y/infinity/utils/load.py, line  99)=> block_chunks.2.module.1.ffn.fc1.weight: False
[03-15 05:05:28] (y/infinity/utils/load.py, line  99)=> block_chunks.2.module.1.ffn.fc1.bias: False
[03-15 05:05:28] (y/infinity/utils/load.py, line  99)=> block_chunks.2.module.1.ffn.fc2.weight: False
[03-15 05:05:28] (y/infinity/utils/load.py, line  99)=> block_chunks.2.module.1.ffn.fc2.bias: False
[03-15 05:05:28] (y/infinity/utils/load.py, line  99)=> block_chunks.2.module.1.ca_norm.weight: False
[03-15 05:05:28] (y/infinity/utils/load.py, line  99)=> block_chunks.2.module.1.ca_norm.bias: False
[03-15 05:05:28] (y/infinity/utils/load.py, line  99)=> block_chunks.2.module.2.ada_gss: False
[03-15 05:05:28] (y/infinity/utils/load.py, line  99)=> block_chunks.2.module.2.sa.scale_mul_1H11: False
[03-15 05:05:28] (y/infinity/utils/load.py, line  99)=> block_chunks.2.module.2.sa.q_bias: False
[03-15 05:05:28] (y/infinity/utils/load.py, line  99)=> block_chunks.2.module.2.sa.v_bias: False
[03-15 05:05:28] (y/infinity/utils/load.py, line  99)=> block_chunks.2.module.2.sa.mat_qkv.weight: False
[03-15 05:05:28] (y/infinity/utils/load.py, line  99)=> block_chunks.2.module.2.sa.proj.weight: False
[03-15 05:05:28] (y/infinity/utils/load.py, line  99)=> block_chunks.2.module.2.sa.proj.bias: False
[03-15 05:05:28] (y/infinity/utils/load.py, line  99)=> block_chunks.2.module.2.ca.v_bias: False
[03-15 05:05:28] (y/infinity/utils/load.py, line  99)=> block_chunks.2.module.2.ca.mat_q.weight: False
[03-15 05:05:28] (y/infinity/utils/load.py, line  99)=> block_chunks.2.module.2.ca.mat_q.bias: False
[03-15 05:05:28] (y/infinity/utils/load.py, line  99)=> block_chunks.2.module.2.ca.mat_kv.weight: False
[03-15 05:05:28] (y/infinity/utils/load.py, line  99)=> block_chunks.2.module.2.ca.proj.weight: False
[03-15 05:05:28] (y/infinity/utils/load.py, line  99)=> block_chunks.2.module.2.ca.proj.bias: False
[03-15 05:05:28] (y/infinity/utils/load.py, line  99)=> block_chunks.2.module.2.ffn.fc1.weight: False
[03-15 05:05:28] (y/infinity/utils/load.py, line  99)=> block_chunks.2.module.2.ffn.fc1.bias: False
[03-15 05:05:28] (y/infinity/utils/load.py, line  99)=> block_chunks.2.module.2.ffn.fc2.weight: False
[03-15 05:05:28] (y/infinity/utils/load.py, line  99)=> block_chunks.2.module.2.ffn.fc2.bias: False
[03-15 05:05:28] (y/infinity/utils/load.py, line  99)=> block_chunks.2.module.2.ca_norm.weight: False
[03-15 05:05:28] (y/infinity/utils/load.py, line  99)=> block_chunks.2.module.2.ca_norm.bias: False
[03-15 05:05:28] (y/infinity/utils/load.py, line  99)=> block_chunks.2.module.3.ada_gss: False
[03-15 05:05:28] (y/infinity/utils/load.py, line  99)=> block_chunks.2.module.3.sa.scale_mul_1H11: False
[03-15 05:05:28] (y/infinity/utils/load.py, line  99)=> block_chunks.2.module.3.sa.q_bias: False
[03-15 05:05:28] (y/infinity/utils/load.py, line  99)=> block_chunks.2.module.3.sa.v_bias: False
[03-15 05:05:28] (y/infinity/utils/load.py, line  99)=> block_chunks.2.module.3.sa.mat_qkv.weight: False
[03-15 05:05:28] (y/infinity/utils/load.py, line  99)=> block_chunks.2.module.3.sa.proj.weight: False
[03-15 05:05:28] (y/infinity/utils/load.py, line  99)=> block_chunks.2.module.3.sa.proj.bias: False
[03-15 05:05:28] (y/infinity/utils/load.py, line  99)=> block_chunks.2.module.3.ca.v_bias: False
[03-15 05:05:28] (y/infinity/utils/load.py, line  99)=> block_chunks.2.module.3.ca.mat_q.weight: False
[03-15 05:05:28] (y/infinity/utils/load.py, line  99)=> block_chunks.2.module.3.ca.mat_q.bias: False
[03-15 05:05:28] (y/infinity/utils/load.py, line  99)=> block_chunks.2.module.3.ca.mat_kv.weight: False
[03-15 05:05:28] (y/infinity/utils/load.py, line  99)=> block_chunks.2.module.3.ca.proj.weight: False
[03-15 05:05:28] (y/infinity/utils/load.py, line  99)=> block_chunks.2.module.3.ca.proj.bias: False
[03-15 05:05:28] (y/infinity/utils/load.py, line  99)=> block_chunks.2.module.3.ffn.fc1.weight: False
[03-15 05:05:28] (y/infinity/utils/load.py, line  99)=> block_chunks.2.module.3.ffn.fc1.bias: False
[03-15 05:05:28] (y/infinity/utils/load.py, line  99)=> block_chunks.2.module.3.ffn.fc2.weight: False
[03-15 05:05:28] (y/infinity/utils/load.py, line  99)=> block_chunks.2.module.3.ffn.fc2.bias: False
[03-15 05:05:28] (y/infinity/utils/load.py, line  99)=> block_chunks.2.module.3.ca_norm.weight: False
[03-15 05:05:28] (y/infinity/utils/load.py, line  99)=> block_chunks.2.module.3.ca_norm.bias: False
[03-15 05:05:28] (y/infinity/utils/load.py, line  99)=> block_chunks.3.module.0.ada_gss: False
[03-15 05:05:28] (y/infinity/utils/load.py, line  99)=> block_chunks.3.module.0.sa.scale_mul_1H11: False
[03-15 05:05:28] (y/infinity/utils/load.py, line  99)=> block_chunks.3.module.0.sa.q_bias: False
[03-15 05:05:28] (y/infinity/utils/load.py, line  99)=> block_chunks.3.module.0.sa.v_bias: False
[03-15 05:05:28] (y/infinity/utils/load.py, line  99)=> block_chunks.3.module.0.sa.mat_qkv.weight: False
[03-15 05:05:28] (y/infinity/utils/load.py, line  99)=> block_chunks.3.module.0.sa.proj.weight: False
[03-15 05:05:28] (y/infinity/utils/load.py, line  99)=> block_chunks.3.module.0.sa.proj.bias: False
[03-15 05:05:28] (y/infinity/utils/load.py, line  99)=> block_chunks.3.module.0.ca.v_bias: False
[03-15 05:05:28] (y/infinity/utils/load.py, line  99)=> block_chunks.3.module.0.ca.mat_q.weight: False
[03-15 05:05:28] (y/infinity/utils/load.py, line  99)=> block_chunks.3.module.0.ca.mat_q.bias: False
[03-15 05:05:28] (y/infinity/utils/load.py, line  99)=> block_chunks.3.module.0.ca.mat_kv.weight: False
[03-15 05:05:28] (y/infinity/utils/load.py, line  99)=> block_chunks.3.module.0.ca.proj.weight: False
[03-15 05:05:28] (y/infinity/utils/load.py, line  99)=> block_chunks.3.module.0.ca.proj.bias: False
[03-15 05:05:28] (y/infinity/utils/load.py, line  99)=> block_chunks.3.module.0.ffn.fc1.weight: False
[03-15 05:05:28] (y/infinity/utils/load.py, line  99)=> block_chunks.3.module.0.ffn.fc1.bias: False
[03-15 05:05:28] (y/infinity/utils/load.py, line  99)=> block_chunks.3.module.0.ffn.fc2.weight: False
[03-15 05:05:28] (y/infinity/utils/load.py, line  99)=> block_chunks.3.module.0.ffn.fc2.bias: False
[03-15 05:05:28] (y/infinity/utils/load.py, line  99)=> block_chunks.3.module.0.ca_norm.weight: False
[03-15 05:05:28] (y/infinity/utils/load.py, line  99)=> block_chunks.3.module.0.ca_norm.bias: False
[03-15 05:05:28] (y/infinity/utils/load.py, line  99)=> block_chunks.3.module.1.ada_gss: False
[03-15 05:05:28] (y/infinity/utils/load.py, line  99)=> block_chunks.3.module.1.sa.scale_mul_1H11: False
[03-15 05:05:28] (y/infinity/utils/load.py, line  99)=> block_chunks.3.module.1.sa.q_bias: False
[03-15 05:05:28] (y/infinity/utils/load.py, line  99)=> block_chunks.3.module.1.sa.v_bias: False
[03-15 05:05:28] (y/infinity/utils/load.py, line  99)=> block_chunks.3.module.1.sa.mat_qkv.weight: False
[03-15 05:05:28] (y/infinity/utils/load.py, line  99)=> block_chunks.3.module.1.sa.proj.weight: False
[03-15 05:05:28] (y/infinity/utils/load.py, line  99)=> block_chunks.3.module.1.sa.proj.bias: False
[03-15 05:05:28] (y/infinity/utils/load.py, line  99)=> block_chunks.3.module.1.ca.v_bias: False
[03-15 05:05:28] (y/infinity/utils/load.py, line  99)=> block_chunks.3.module.1.ca.mat_q.weight: False
[03-15 05:05:28] (y/infinity/utils/load.py, line  99)=> block_chunks.3.module.1.ca.mat_q.bias: False
[03-15 05:05:28] (y/infinity/utils/load.py, line  99)=> block_chunks.3.module.1.ca.mat_kv.weight: False
[03-15 05:05:28] (y/infinity/utils/load.py, line  99)=> block_chunks.3.module.1.ca.proj.weight: False
[03-15 05:05:28] (y/infinity/utils/load.py, line  99)=> block_chunks.3.module.1.ca.proj.bias: False
[03-15 05:05:28] (y/infinity/utils/load.py, line  99)=> block_chunks.3.module.1.ffn.fc1.weight: False
[03-15 05:05:28] (y/infinity/utils/load.py, line  99)=> block_chunks.3.module.1.ffn.fc1.bias: False
[03-15 05:05:28] (y/infinity/utils/load.py, line  99)=> block_chunks.3.module.1.ffn.fc2.weight: False
[03-15 05:05:28] (y/infinity/utils/load.py, line  99)=> block_chunks.3.module.1.ffn.fc2.bias: False
[03-15 05:05:28] (y/infinity/utils/load.py, line  99)=> block_chunks.3.module.1.ca_norm.weight: False
[03-15 05:05:28] (y/infinity/utils/load.py, line  99)=> block_chunks.3.module.1.ca_norm.bias: False
[03-15 05:05:28] (y/infinity/utils/load.py, line  99)=> block_chunks.3.module.2.ada_gss: False
[03-15 05:05:28] (y/infinity/utils/load.py, line  99)=> block_chunks.3.module.2.sa.scale_mul_1H11: False
[03-15 05:05:28] (y/infinity/utils/load.py, line  99)=> block_chunks.3.module.2.sa.q_bias: False
[03-15 05:05:28] (y/infinity/utils/load.py, line  99)=> block_chunks.3.module.2.sa.v_bias: False
[03-15 05:05:28] (y/infinity/utils/load.py, line  99)=> block_chunks.3.module.2.sa.mat_qkv.weight: False
[03-15 05:05:28] (y/infinity/utils/load.py, line  99)=> block_chunks.3.module.2.sa.proj.weight: False
[03-15 05:05:28] (y/infinity/utils/load.py, line  99)=> block_chunks.3.module.2.sa.proj.bias: False
[03-15 05:05:28] (y/infinity/utils/load.py, line  99)=> block_chunks.3.module.2.ca.v_bias: False
[03-15 05:05:28] (y/infinity/utils/load.py, line  99)=> block_chunks.3.module.2.ca.mat_q.weight: False
[03-15 05:05:28] (y/infinity/utils/load.py, line  99)=> block_chunks.3.module.2.ca.mat_q.bias: False
[03-15 05:05:28] (y/infinity/utils/load.py, line  99)=> block_chunks.3.module.2.ca.mat_kv.weight: False
[03-15 05:05:28] (y/infinity/utils/load.py, line  99)=> block_chunks.3.module.2.ca.proj.weight: False
[03-15 05:05:28] (y/infinity/utils/load.py, line  99)=> block_chunks.3.module.2.ca.proj.bias: False
[03-15 05:05:28] (y/infinity/utils/load.py, line  99)=> block_chunks.3.module.2.ffn.fc1.weight: False
[03-15 05:05:28] (y/infinity/utils/load.py, line  99)=> block_chunks.3.module.2.ffn.fc1.bias: False
[03-15 05:05:28] (y/infinity/utils/load.py, line  99)=> block_chunks.3.module.2.ffn.fc2.weight: False
[03-15 05:05:28] (y/infinity/utils/load.py, line  99)=> block_chunks.3.module.2.ffn.fc2.bias: False
[03-15 05:05:28] (y/infinity/utils/load.py, line  99)=> block_chunks.3.module.2.ca_norm.weight: False
[03-15 05:05:28] (y/infinity/utils/load.py, line  99)=> block_chunks.3.module.2.ca_norm.bias: False
[03-15 05:05:28] (y/infinity/utils/load.py, line  99)=> block_chunks.3.module.3.ada_gss: False
[03-15 05:05:28] (y/infinity/utils/load.py, line  99)=> block_chunks.3.module.3.sa.scale_mul_1H11: False
[03-15 05:05:28] (y/infinity/utils/load.py, line  99)=> block_chunks.3.module.3.sa.q_bias: False
[03-15 05:05:28] (y/infinity/utils/load.py, line  99)=> block_chunks.3.module.3.sa.v_bias: False
[03-15 05:05:28] (y/infinity/utils/load.py, line  99)=> block_chunks.3.module.3.sa.mat_qkv.weight: False
[03-15 05:05:28] (y/infinity/utils/load.py, line  99)=> block_chunks.3.module.3.sa.proj.weight: False
[03-15 05:05:28] (y/infinity/utils/load.py, line  99)=> block_chunks.3.module.3.sa.proj.bias: False
[03-15 05:05:28] (y/infinity/utils/load.py, line  99)=> block_chunks.3.module.3.ca.v_bias: False
[03-15 05:05:28] (y/infinity/utils/load.py, line  99)=> block_chunks.3.module.3.ca.mat_q.weight: False
[03-15 05:05:28] (y/infinity/utils/load.py, line  99)=> block_chunks.3.module.3.ca.mat_q.bias: False
[03-15 05:05:28] (y/infinity/utils/load.py, line  99)=> block_chunks.3.module.3.ca.mat_kv.weight: False
[03-15 05:05:28] (y/infinity/utils/load.py, line  99)=> block_chunks.3.module.3.ca.proj.weight: False
[03-15 05:05:28] (y/infinity/utils/load.py, line  99)=> block_chunks.3.module.3.ca.proj.bias: False
[03-15 05:05:28] (y/infinity/utils/load.py, line  99)=> block_chunks.3.module.3.ffn.fc1.weight: False
[03-15 05:05:28] (y/infinity/utils/load.py, line  99)=> block_chunks.3.module.3.ffn.fc1.bias: False
[03-15 05:05:28] (y/infinity/utils/load.py, line  99)=> block_chunks.3.module.3.ffn.fc2.weight: False
[03-15 05:05:28] (y/infinity/utils/load.py, line  99)=> block_chunks.3.module.3.ffn.fc2.bias: False
[03-15 05:05:28] (y/infinity/utils/load.py, line  99)=> block_chunks.3.module.3.ca_norm.weight: False
[03-15 05:05:28] (y/infinity/utils/load.py, line  99)=> block_chunks.3.module.3.ca_norm.bias: False
[03-15 05:05:28] (y/infinity/utils/load.py, line  99)=> block_chunks.4.module.0.ada_gss: False
[03-15 05:05:28] (y/infinity/utils/load.py, line  99)=> block_chunks.4.module.0.sa.scale_mul_1H11: False
[03-15 05:05:28] (y/infinity/utils/load.py, line  99)=> block_chunks.4.module.0.sa.q_bias: False
[03-15 05:05:28] (y/infinity/utils/load.py, line  99)=> block_chunks.4.module.0.sa.v_bias: False
[03-15 05:05:28] (y/infinity/utils/load.py, line  99)=> block_chunks.4.module.0.sa.mat_qkv.weight: False
[03-15 05:05:28] (y/infinity/utils/load.py, line  99)=> block_chunks.4.module.0.sa.proj.weight: False
[03-15 05:05:28] (y/infinity/utils/load.py, line  99)=> block_chunks.4.module.0.sa.proj.bias: False
[03-15 05:05:28] (y/infinity/utils/load.py, line  99)=> block_chunks.4.module.0.ca.v_bias: False
[03-15 05:05:28] (y/infinity/utils/load.py, line  99)=> block_chunks.4.module.0.ca.mat_q.weight: False
[03-15 05:05:28] (y/infinity/utils/load.py, line  99)=> block_chunks.4.module.0.ca.mat_q.bias: False
[03-15 05:05:28] (y/infinity/utils/load.py, line  99)=> block_chunks.4.module.0.ca.mat_kv.weight: False
[03-15 05:05:28] (y/infinity/utils/load.py, line  99)=> block_chunks.4.module.0.ca.proj.weight: False
[03-15 05:05:28] (y/infinity/utils/load.py, line  99)=> block_chunks.4.module.0.ca.proj.bias: False
[03-15 05:05:28] (y/infinity/utils/load.py, line  99)=> block_chunks.4.module.0.ffn.fc1.weight: False
[03-15 05:05:28] (y/infinity/utils/load.py, line  99)=> block_chunks.4.module.0.ffn.fc1.bias: False
[03-15 05:05:28] (y/infinity/utils/load.py, line  99)=> block_chunks.4.module.0.ffn.fc2.weight: False
[03-15 05:05:28] (y/infinity/utils/load.py, line  99)=> block_chunks.4.module.0.ffn.fc2.bias: False
[03-15 05:05:28] (y/infinity/utils/load.py, line  99)=> block_chunks.4.module.0.ca_norm.weight: False
[03-15 05:05:28] (y/infinity/utils/load.py, line  99)=> block_chunks.4.module.0.ca_norm.bias: False
[03-15 05:05:28] (y/infinity/utils/load.py, line  99)=> block_chunks.4.module.1.ada_gss: False
[03-15 05:05:28] (y/infinity/utils/load.py, line  99)=> block_chunks.4.module.1.sa.scale_mul_1H11: False
[03-15 05:05:28] (y/infinity/utils/load.py, line  99)=> block_chunks.4.module.1.sa.q_bias: False
[03-15 05:05:28] (y/infinity/utils/load.py, line  99)=> block_chunks.4.module.1.sa.v_bias: False
[03-15 05:05:28] (y/infinity/utils/load.py, line  99)=> block_chunks.4.module.1.sa.mat_qkv.weight: False
[03-15 05:05:28] (y/infinity/utils/load.py, line  99)=> block_chunks.4.module.1.sa.proj.weight: False
[03-15 05:05:28] (y/infinity/utils/load.py, line  99)=> block_chunks.4.module.1.sa.proj.bias: False
[03-15 05:05:28] (y/infinity/utils/load.py, line  99)=> block_chunks.4.module.1.ca.v_bias: False
[03-15 05:05:28] (y/infinity/utils/load.py, line  99)=> block_chunks.4.module.1.ca.mat_q.weight: False
[03-15 05:05:28] (y/infinity/utils/load.py, line  99)=> block_chunks.4.module.1.ca.mat_q.bias: False
[03-15 05:05:28] (y/infinity/utils/load.py, line  99)=> block_chunks.4.module.1.ca.mat_kv.weight: False
[03-15 05:05:28] (y/infinity/utils/load.py, line  99)=> block_chunks.4.module.1.ca.proj.weight: False
[03-15 05:05:28] (y/infinity/utils/load.py, line  99)=> block_chunks.4.module.1.ca.proj.bias: False
[03-15 05:05:28] (y/infinity/utils/load.py, line  99)=> block_chunks.4.module.1.ffn.fc1.weight: False
[03-15 05:05:28] (y/infinity/utils/load.py, line  99)=> block_chunks.4.module.1.ffn.fc1.bias: False
[03-15 05:05:28] (y/infinity/utils/load.py, line  99)=> block_chunks.4.module.1.ffn.fc2.weight: False
[03-15 05:05:28] (y/infinity/utils/load.py, line  99)=> block_chunks.4.module.1.ffn.fc2.bias: False
[03-15 05:05:28] (y/infinity/utils/load.py, line  99)=> block_chunks.4.module.1.ca_norm.weight: False
[03-15 05:05:28] (y/infinity/utils/load.py, line  99)=> block_chunks.4.module.1.ca_norm.bias: False
[03-15 05:05:28] (y/infinity/utils/load.py, line  99)=> block_chunks.4.module.2.ada_gss: False
[03-15 05:05:28] (y/infinity/utils/load.py, line  99)=> block_chunks.4.module.2.sa.scale_mul_1H11: False
[03-15 05:05:28] (y/infinity/utils/load.py, line  99)=> block_chunks.4.module.2.sa.q_bias: False
[03-15 05:05:28] (y/infinity/utils/load.py, line  99)=> block_chunks.4.module.2.sa.v_bias: False
[03-15 05:05:28] (y/infinity/utils/load.py, line  99)=> block_chunks.4.module.2.sa.mat_qkv.weight: False
[03-15 05:05:28] (y/infinity/utils/load.py, line  99)=> block_chunks.4.module.2.sa.proj.weight: False
[03-15 05:05:28] (y/infinity/utils/load.py, line  99)=> block_chunks.4.module.2.sa.proj.bias: False
[03-15 05:05:28] (y/infinity/utils/load.py, line  99)=> block_chunks.4.module.2.ca.v_bias: False
[03-15 05:05:28] (y/infinity/utils/load.py, line  99)=> block_chunks.4.module.2.ca.mat_q.weight: False
[03-15 05:05:28] (y/infinity/utils/load.py, line  99)=> block_chunks.4.module.2.ca.mat_q.bias: False
[03-15 05:05:28] (y/infinity/utils/load.py, line  99)=> block_chunks.4.module.2.ca.mat_kv.weight: False
[03-15 05:05:28] (y/infinity/utils/load.py, line  99)=> block_chunks.4.module.2.ca.proj.weight: False
[03-15 05:05:28] (y/infinity/utils/load.py, line  99)=> block_chunks.4.module.2.ca.proj.bias: False
[03-15 05:05:28] (y/infinity/utils/load.py, line  99)=> block_chunks.4.module.2.ffn.fc1.weight: False
[03-15 05:05:28] (y/infinity/utils/load.py, line  99)=> block_chunks.4.module.2.ffn.fc1.bias: False
[03-15 05:05:28] (y/infinity/utils/load.py, line  99)=> block_chunks.4.module.2.ffn.fc2.weight: False
[03-15 05:05:28] (y/infinity/utils/load.py, line  99)=> block_chunks.4.module.2.ffn.fc2.bias: False
[03-15 05:05:28] (y/infinity/utils/load.py, line  99)=> block_chunks.4.module.2.ca_norm.weight: False
[03-15 05:05:28] (y/infinity/utils/load.py, line  99)=> block_chunks.4.module.2.ca_norm.bias: False
[03-15 05:05:28] (y/infinity/utils/load.py, line  99)=> block_chunks.4.module.3.ada_gss: False
[03-15 05:05:28] (y/infinity/utils/load.py, line  99)=> block_chunks.4.module.3.sa.scale_mul_1H11: False
[03-15 05:05:28] (y/infinity/utils/load.py, line  99)=> block_chunks.4.module.3.sa.q_bias: False
[03-15 05:05:28] (y/infinity/utils/load.py, line  99)=> block_chunks.4.module.3.sa.v_bias: False
[03-15 05:05:28] (y/infinity/utils/load.py, line  99)=> block_chunks.4.module.3.sa.mat_qkv.weight: False
[03-15 05:05:28] (y/infinity/utils/load.py, line  99)=> block_chunks.4.module.3.sa.proj.weight: False
[03-15 05:05:28] (y/infinity/utils/load.py, line  99)=> block_chunks.4.module.3.sa.proj.bias: False
[03-15 05:05:28] (y/infinity/utils/load.py, line  99)=> block_chunks.4.module.3.ca.v_bias: False
[03-15 05:05:28] (y/infinity/utils/load.py, line  99)=> block_chunks.4.module.3.ca.mat_q.weight: False
[03-15 05:05:28] (y/infinity/utils/load.py, line  99)=> block_chunks.4.module.3.ca.mat_q.bias: False
[03-15 05:05:28] (y/infinity/utils/load.py, line  99)=> block_chunks.4.module.3.ca.mat_kv.weight: False
[03-15 05:05:28] (y/infinity/utils/load.py, line  99)=> block_chunks.4.module.3.ca.proj.weight: False
[03-15 05:05:28] (y/infinity/utils/load.py, line  99)=> block_chunks.4.module.3.ca.proj.bias: False
[03-15 05:05:28] (y/infinity/utils/load.py, line  99)=> block_chunks.4.module.3.ffn.fc1.weight: False
[03-15 05:05:28] (y/infinity/utils/load.py, line  99)=> block_chunks.4.module.3.ffn.fc1.bias: False
[03-15 05:05:28] (y/infinity/utils/load.py, line  99)=> block_chunks.4.module.3.ffn.fc2.weight: False
[03-15 05:05:28] (y/infinity/utils/load.py, line  99)=> block_chunks.4.module.3.ffn.fc2.bias: False
[03-15 05:05:28] (y/infinity/utils/load.py, line  99)=> block_chunks.4.module.3.ca_norm.weight: False
[03-15 05:05:28] (y/infinity/utils/load.py, line  99)=> block_chunks.4.module.3.ca_norm.bias: False
[03-15 05:05:28] (y/infinity/utils/load.py, line  99)=> block_chunks.5.module.0.ada_gss: False
[03-15 05:05:28] (y/infinity/utils/load.py, line  99)=> block_chunks.5.module.0.sa.scale_mul_1H11: False
[03-15 05:05:28] (y/infinity/utils/load.py, line  99)=> block_chunks.5.module.0.sa.q_bias: False
[03-15 05:05:28] (y/infinity/utils/load.py, line  99)=> block_chunks.5.module.0.sa.v_bias: False
[03-15 05:05:28] (y/infinity/utils/load.py, line  99)=> block_chunks.5.module.0.sa.mat_qkv.weight: False
[03-15 05:05:28] (y/infinity/utils/load.py, line  99)=> block_chunks.5.module.0.sa.proj.weight: False
[03-15 05:05:28] (y/infinity/utils/load.py, line  99)=> block_chunks.5.module.0.sa.proj.bias: False
[03-15 05:05:28] (y/infinity/utils/load.py, line  99)=> block_chunks.5.module.0.ca.v_bias: False
[03-15 05:05:28] (y/infinity/utils/load.py, line  99)=> block_chunks.5.module.0.ca.mat_q.weight: False
[03-15 05:05:28] (y/infinity/utils/load.py, line  99)=> block_chunks.5.module.0.ca.mat_q.bias: False
[03-15 05:05:28] (y/infinity/utils/load.py, line  99)=> block_chunks.5.module.0.ca.mat_kv.weight: False
[03-15 05:05:28] (y/infinity/utils/load.py, line  99)=> block_chunks.5.module.0.ca.proj.weight: False
[03-15 05:05:28] (y/infinity/utils/load.py, line  99)=> block_chunks.5.module.0.ca.proj.bias: False
[03-15 05:05:28] (y/infinity/utils/load.py, line  99)=> block_chunks.5.module.0.ffn.fc1.weight: False
[03-15 05:05:28] (y/infinity/utils/load.py, line  99)=> block_chunks.5.module.0.ffn.fc1.bias: False
[03-15 05:05:28] (y/infinity/utils/load.py, line  99)=> block_chunks.5.module.0.ffn.fc2.weight: False
[03-15 05:05:28] (y/infinity/utils/load.py, line  99)=> block_chunks.5.module.0.ffn.fc2.bias: False
[03-15 05:05:28] (y/infinity/utils/load.py, line  99)=> block_chunks.5.module.0.ca_norm.weight: False
[03-15 05:05:28] (y/infinity/utils/load.py, line  99)=> block_chunks.5.module.0.ca_norm.bias: False
[03-15 05:05:28] (y/infinity/utils/load.py, line  99)=> block_chunks.5.module.1.ada_gss: False
[03-15 05:05:28] (y/infinity/utils/load.py, line  99)=> block_chunks.5.module.1.sa.scale_mul_1H11: False
[03-15 05:05:28] (y/infinity/utils/load.py, line  99)=> block_chunks.5.module.1.sa.q_bias: False
[03-15 05:05:28] (y/infinity/utils/load.py, line  99)=> block_chunks.5.module.1.sa.v_bias: False
[03-15 05:05:28] (y/infinity/utils/load.py, line  99)=> block_chunks.5.module.1.sa.mat_qkv.weight: False
[03-15 05:05:28] (y/infinity/utils/load.py, line  99)=> block_chunks.5.module.1.sa.proj.weight: False
[03-15 05:05:28] (y/infinity/utils/load.py, line  99)=> block_chunks.5.module.1.sa.proj.bias: False
[03-15 05:05:28] (y/infinity/utils/load.py, line  99)=> block_chunks.5.module.1.ca.v_bias: False
[03-15 05:05:28] (y/infinity/utils/load.py, line  99)=> block_chunks.5.module.1.ca.mat_q.weight: False
[03-15 05:05:28] (y/infinity/utils/load.py, line  99)=> block_chunks.5.module.1.ca.mat_q.bias: False
[03-15 05:05:28] (y/infinity/utils/load.py, line  99)=> block_chunks.5.module.1.ca.mat_kv.weight: False
[03-15 05:05:28] (y/infinity/utils/load.py, line  99)=> block_chunks.5.module.1.ca.proj.weight: False
[03-15 05:05:28] (y/infinity/utils/load.py, line  99)=> block_chunks.5.module.1.ca.proj.bias: False
[03-15 05:05:28] (y/infinity/utils/load.py, line  99)=> block_chunks.5.module.1.ffn.fc1.weight: False
[03-15 05:05:28] (y/infinity/utils/load.py, line  99)=> block_chunks.5.module.1.ffn.fc1.bias: False
[03-15 05:05:28] (y/infinity/utils/load.py, line  99)=> block_chunks.5.module.1.ffn.fc2.weight: False
[03-15 05:05:28] (y/infinity/utils/load.py, line  99)=> block_chunks.5.module.1.ffn.fc2.bias: False
[03-15 05:05:28] (y/infinity/utils/load.py, line  99)=> block_chunks.5.module.1.ca_norm.weight: False
[03-15 05:05:28] (y/infinity/utils/load.py, line  99)=> block_chunks.5.module.1.ca_norm.bias: False
[03-15 05:05:28] (y/infinity/utils/load.py, line  99)=> block_chunks.5.module.2.ada_gss: False
[03-15 05:05:28] (y/infinity/utils/load.py, line  99)=> block_chunks.5.module.2.sa.scale_mul_1H11: False
[03-15 05:05:28] (y/infinity/utils/load.py, line  99)=> block_chunks.5.module.2.sa.q_bias: False
[03-15 05:05:28] (y/infinity/utils/load.py, line  99)=> block_chunks.5.module.2.sa.v_bias: False
[03-15 05:05:28] (y/infinity/utils/load.py, line  99)=> block_chunks.5.module.2.sa.mat_qkv.weight: False
[03-15 05:05:28] (y/infinity/utils/load.py, line  99)=> block_chunks.5.module.2.sa.proj.weight: False
[03-15 05:05:28] (y/infinity/utils/load.py, line  99)=> block_chunks.5.module.2.sa.proj.bias: False
[03-15 05:05:28] (y/infinity/utils/load.py, line  99)=> block_chunks.5.module.2.ca.v_bias: False
[03-15 05:05:28] (y/infinity/utils/load.py, line  99)=> block_chunks.5.module.2.ca.mat_q.weight: False
[03-15 05:05:28] (y/infinity/utils/load.py, line  99)=> block_chunks.5.module.2.ca.mat_q.bias: False
[03-15 05:05:28] (y/infinity/utils/load.py, line  99)=> block_chunks.5.module.2.ca.mat_kv.weight: False
[03-15 05:05:28] (y/infinity/utils/load.py, line  99)=> block_chunks.5.module.2.ca.proj.weight: False
[03-15 05:05:28] (y/infinity/utils/load.py, line  99)=> block_chunks.5.module.2.ca.proj.bias: False
[03-15 05:05:28] (y/infinity/utils/load.py, line  99)=> block_chunks.5.module.2.ffn.fc1.weight: False
[03-15 05:05:28] (y/infinity/utils/load.py, line  99)=> block_chunks.5.module.2.ffn.fc1.bias: False
[03-15 05:05:28] (y/infinity/utils/load.py, line  99)=> block_chunks.5.module.2.ffn.fc2.weight: False
[03-15 05:05:28] (y/infinity/utils/load.py, line  99)=> block_chunks.5.module.2.ffn.fc2.bias: False
[03-15 05:05:28] (y/infinity/utils/load.py, line  99)=> block_chunks.5.module.2.ca_norm.weight: False
[03-15 05:05:28] (y/infinity/utils/load.py, line  99)=> block_chunks.5.module.2.ca_norm.bias: False
[03-15 05:05:28] (y/infinity/utils/load.py, line  99)=> block_chunks.5.module.3.ada_gss: False
[03-15 05:05:28] (y/infinity/utils/load.py, line  99)=> block_chunks.5.module.3.sa.scale_mul_1H11: False
[03-15 05:05:28] (y/infinity/utils/load.py, line  99)=> block_chunks.5.module.3.sa.q_bias: False
[03-15 05:05:28] (y/infinity/utils/load.py, line  99)=> block_chunks.5.module.3.sa.v_bias: False
[03-15 05:05:28] (y/infinity/utils/load.py, line  99)=> block_chunks.5.module.3.sa.mat_qkv.weight: False
[03-15 05:05:28] (y/infinity/utils/load.py, line  99)=> block_chunks.5.module.3.sa.proj.weight: False
[03-15 05:05:28] (y/infinity/utils/load.py, line  99)=> block_chunks.5.module.3.sa.proj.bias: False
[03-15 05:05:28] (y/infinity/utils/load.py, line  99)=> block_chunks.5.module.3.ca.v_bias: False
[03-15 05:05:28] (y/infinity/utils/load.py, line  99)=> block_chunks.5.module.3.ca.mat_q.weight: False
[03-15 05:05:28] (y/infinity/utils/load.py, line  99)=> block_chunks.5.module.3.ca.mat_q.bias: False
[03-15 05:05:28] (y/infinity/utils/load.py, line  99)=> block_chunks.5.module.3.ca.mat_kv.weight: False
[03-15 05:05:28] (y/infinity/utils/load.py, line  99)=> block_chunks.5.module.3.ca.proj.weight: False
[03-15 05:05:28] (y/infinity/utils/load.py, line  99)=> block_chunks.5.module.3.ca.proj.bias: False
[03-15 05:05:28] (y/infinity/utils/load.py, line  99)=> block_chunks.5.module.3.ffn.fc1.weight: False
[03-15 05:05:28] (y/infinity/utils/load.py, line  99)=> block_chunks.5.module.3.ffn.fc1.bias: False
[03-15 05:05:28] (y/infinity/utils/load.py, line  99)=> block_chunks.5.module.3.ffn.fc2.weight: False
[03-15 05:05:28] (y/infinity/utils/load.py, line  99)=> block_chunks.5.module.3.ffn.fc2.bias: False
[03-15 05:05:28] (y/infinity/utils/load.py, line  99)=> block_chunks.5.module.3.ca_norm.weight: False
[03-15 05:05:28] (y/infinity/utils/load.py, line  99)=> block_chunks.5.module.3.ca_norm.bias: False
[03-15 05:05:28] (y/infinity/utils/load.py, line  99)=> block_chunks.6.module.0.ada_gss: False
[03-15 05:05:28] (y/infinity/utils/load.py, line  99)=> block_chunks.6.module.0.sa.scale_mul_1H11: False
[03-15 05:05:28] (y/infinity/utils/load.py, line  99)=> block_chunks.6.module.0.sa.q_bias: False
[03-15 05:05:28] (y/infinity/utils/load.py, line  99)=> block_chunks.6.module.0.sa.v_bias: False
[03-15 05:05:28] (y/infinity/utils/load.py, line  99)=> block_chunks.6.module.0.sa.mat_qkv.weight: False
[03-15 05:05:28] (y/infinity/utils/load.py, line  99)=> block_chunks.6.module.0.sa.proj.weight: False
[03-15 05:05:28] (y/infinity/utils/load.py, line  99)=> block_chunks.6.module.0.sa.proj.bias: False
[03-15 05:05:28] (y/infinity/utils/load.py, line  99)=> block_chunks.6.module.0.ca.v_bias: False
[03-15 05:05:28] (y/infinity/utils/load.py, line  99)=> block_chunks.6.module.0.ca.mat_q.weight: False
[03-15 05:05:28] (y/infinity/utils/load.py, line  99)=> block_chunks.6.module.0.ca.mat_q.bias: False
[03-15 05:05:28] (y/infinity/utils/load.py, line  99)=> block_chunks.6.module.0.ca.mat_kv.weight: False
[03-15 05:05:28] (y/infinity/utils/load.py, line  99)=> block_chunks.6.module.0.ca.proj.weight: False
[03-15 05:05:28] (y/infinity/utils/load.py, line  99)=> block_chunks.6.module.0.ca.proj.bias: False
[03-15 05:05:28] (y/infinity/utils/load.py, line  99)=> block_chunks.6.module.0.ffn.fc1.weight: False
[03-15 05:05:28] (y/infinity/utils/load.py, line  99)=> block_chunks.6.module.0.ffn.fc1.bias: False
[03-15 05:05:28] (y/infinity/utils/load.py, line  99)=> block_chunks.6.module.0.ffn.fc2.weight: False
[03-15 05:05:28] (y/infinity/utils/load.py, line  99)=> block_chunks.6.module.0.ffn.fc2.bias: False
[03-15 05:05:28] (y/infinity/utils/load.py, line  99)=> block_chunks.6.module.0.ca_norm.weight: False
[03-15 05:05:28] (y/infinity/utils/load.py, line  99)=> block_chunks.6.module.0.ca_norm.bias: False
[03-15 05:05:28] (y/infinity/utils/load.py, line  99)=> block_chunks.6.module.1.ada_gss: False
[03-15 05:05:28] (y/infinity/utils/load.py, line  99)=> block_chunks.6.module.1.sa.scale_mul_1H11: False
[03-15 05:05:28] (y/infinity/utils/load.py, line  99)=> block_chunks.6.module.1.sa.q_bias: False
[03-15 05:05:28] (y/infinity/utils/load.py, line  99)=> block_chunks.6.module.1.sa.v_bias: False
[03-15 05:05:28] (y/infinity/utils/load.py, line  99)=> block_chunks.6.module.1.sa.mat_qkv.weight: False
[03-15 05:05:28] (y/infinity/utils/load.py, line  99)=> block_chunks.6.module.1.sa.proj.weight: False
[03-15 05:05:28] (y/infinity/utils/load.py, line  99)=> block_chunks.6.module.1.sa.proj.bias: False
[03-15 05:05:28] (y/infinity/utils/load.py, line  99)=> block_chunks.6.module.1.ca.v_bias: False
[03-15 05:05:28] (y/infinity/utils/load.py, line  99)=> block_chunks.6.module.1.ca.mat_q.weight: False
[03-15 05:05:28] (y/infinity/utils/load.py, line  99)=> block_chunks.6.module.1.ca.mat_q.bias: False
[03-15 05:05:28] (y/infinity/utils/load.py, line  99)=> block_chunks.6.module.1.ca.mat_kv.weight: False
[03-15 05:05:28] (y/infinity/utils/load.py, line  99)=> block_chunks.6.module.1.ca.proj.weight: False
[03-15 05:05:28] (y/infinity/utils/load.py, line  99)=> block_chunks.6.module.1.ca.proj.bias: False
[03-15 05:05:28] (y/infinity/utils/load.py, line  99)=> block_chunks.6.module.1.ffn.fc1.weight: False
[03-15 05:05:28] (y/infinity/utils/load.py, line  99)=> block_chunks.6.module.1.ffn.fc1.bias: False
[03-15 05:05:28] (y/infinity/utils/load.py, line  99)=> block_chunks.6.module.1.ffn.fc2.weight: False
[03-15 05:05:28] (y/infinity/utils/load.py, line  99)=> block_chunks.6.module.1.ffn.fc2.bias: False
[03-15 05:05:28] (y/infinity/utils/load.py, line  99)=> block_chunks.6.module.1.ca_norm.weight: False
[03-15 05:05:28] (y/infinity/utils/load.py, line  99)=> block_chunks.6.module.1.ca_norm.bias: False
[03-15 05:05:28] (y/infinity/utils/load.py, line  99)=> block_chunks.6.module.2.ada_gss: False
[03-15 05:05:28] (y/infinity/utils/load.py, line  99)=> block_chunks.6.module.2.sa.scale_mul_1H11: False
[03-15 05:05:28] (y/infinity/utils/load.py, line  99)=> block_chunks.6.module.2.sa.q_bias: False
[03-15 05:05:28] (y/infinity/utils/load.py, line  99)=> block_chunks.6.module.2.sa.v_bias: False
[03-15 05:05:28] (y/infinity/utils/load.py, line  99)=> block_chunks.6.module.2.sa.mat_qkv.weight: False
[03-15 05:05:28] (y/infinity/utils/load.py, line  99)=> block_chunks.6.module.2.sa.proj.weight: False
[03-15 05:05:28] (y/infinity/utils/load.py, line  99)=> block_chunks.6.module.2.sa.proj.bias: False
[03-15 05:05:28] (y/infinity/utils/load.py, line  99)=> block_chunks.6.module.2.ca.v_bias: False
[03-15 05:05:28] (y/infinity/utils/load.py, line  99)=> block_chunks.6.module.2.ca.mat_q.weight: False
[03-15 05:05:28] (y/infinity/utils/load.py, line  99)=> block_chunks.6.module.2.ca.mat_q.bias: False
[03-15 05:05:28] (y/infinity/utils/load.py, line  99)=> block_chunks.6.module.2.ca.mat_kv.weight: False
[03-15 05:05:28] (y/infinity/utils/load.py, line  99)=> block_chunks.6.module.2.ca.proj.weight: False
[03-15 05:05:28] (y/infinity/utils/load.py, line  99)=> block_chunks.6.module.2.ca.proj.bias: False
[03-15 05:05:28] (y/infinity/utils/load.py, line  99)=> block_chunks.6.module.2.ffn.fc1.weight: False
[03-15 05:05:28] (y/infinity/utils/load.py, line  99)=> block_chunks.6.module.2.ffn.fc1.bias: False
[03-15 05:05:28] (y/infinity/utils/load.py, line  99)=> block_chunks.6.module.2.ffn.fc2.weight: False
[03-15 05:05:28] (y/infinity/utils/load.py, line  99)=> block_chunks.6.module.2.ffn.fc2.bias: False
[03-15 05:05:28] (y/infinity/utils/load.py, line  99)=> block_chunks.6.module.2.ca_norm.weight: False
[03-15 05:05:28] (y/infinity/utils/load.py, line  99)=> block_chunks.6.module.2.ca_norm.bias: False
[03-15 05:05:28] (y/infinity/utils/load.py, line  99)=> block_chunks.6.module.3.ada_gss: False
[03-15 05:05:28] (y/infinity/utils/load.py, line  99)=> block_chunks.6.module.3.sa.scale_mul_1H11: False
[03-15 05:05:28] (y/infinity/utils/load.py, line  99)=> block_chunks.6.module.3.sa.q_bias: False
[03-15 05:05:28] (y/infinity/utils/load.py, line  99)=> block_chunks.6.module.3.sa.v_bias: False
[03-15 05:05:28] (y/infinity/utils/load.py, line  99)=> block_chunks.6.module.3.sa.mat_qkv.weight: False
[03-15 05:05:28] (y/infinity/utils/load.py, line  99)=> block_chunks.6.module.3.sa.proj.weight: False
[03-15 05:05:28] (y/infinity/utils/load.py, line  99)=> block_chunks.6.module.3.sa.proj.bias: False
[03-15 05:05:28] (y/infinity/utils/load.py, line  99)=> block_chunks.6.module.3.ca.v_bias: False
[03-15 05:05:28] (y/infinity/utils/load.py, line  99)=> block_chunks.6.module.3.ca.mat_q.weight: False
[03-15 05:05:28] (y/infinity/utils/load.py, line  99)=> block_chunks.6.module.3.ca.mat_q.bias: False
[03-15 05:05:28] (y/infinity/utils/load.py, line  99)=> block_chunks.6.module.3.ca.mat_kv.weight: False
[03-15 05:05:28] (y/infinity/utils/load.py, line  99)=> block_chunks.6.module.3.ca.proj.weight: False
[03-15 05:05:28] (y/infinity/utils/load.py, line  99)=> block_chunks.6.module.3.ca.proj.bias: False
[03-15 05:05:28] (y/infinity/utils/load.py, line  99)=> block_chunks.6.module.3.ffn.fc1.weight: False
[03-15 05:05:28] (y/infinity/utils/load.py, line  99)=> block_chunks.6.module.3.ffn.fc1.bias: False
[03-15 05:05:28] (y/infinity/utils/load.py, line  99)=> block_chunks.6.module.3.ffn.fc2.weight: False
[03-15 05:05:28] (y/infinity/utils/load.py, line  99)=> block_chunks.6.module.3.ffn.fc2.bias: False
[03-15 05:05:28] (y/infinity/utils/load.py, line  99)=> block_chunks.6.module.3.ca_norm.weight: False
[03-15 05:05:28] (y/infinity/utils/load.py, line  99)=> block_chunks.6.module.3.ca_norm.bias: False
[03-15 05:05:28] (y/infinity/utils/load.py, line  99)=> block_chunks.7.module.0.ada_gss: False
[03-15 05:05:28] (y/infinity/utils/load.py, line  99)=> block_chunks.7.module.0.sa.scale_mul_1H11: False
[03-15 05:05:28] (y/infinity/utils/load.py, line  99)=> block_chunks.7.module.0.sa.q_bias: False
[03-15 05:05:28] (y/infinity/utils/load.py, line  99)=> block_chunks.7.module.0.sa.v_bias: False
[03-15 05:05:28] (y/infinity/utils/load.py, line  99)=> block_chunks.7.module.0.sa.mat_qkv.weight: False
[03-15 05:05:28] (y/infinity/utils/load.py, line  99)=> block_chunks.7.module.0.sa.proj.weight: False
[03-15 05:05:28] (y/infinity/utils/load.py, line  99)=> block_chunks.7.module.0.sa.proj.bias: False
[03-15 05:05:28] (y/infinity/utils/load.py, line  99)=> block_chunks.7.module.0.ca.v_bias: False
[03-15 05:05:28] (y/infinity/utils/load.py, line  99)=> block_chunks.7.module.0.ca.mat_q.weight: False
[03-15 05:05:28] (y/infinity/utils/load.py, line  99)=> block_chunks.7.module.0.ca.mat_q.bias: False
[03-15 05:05:28] (y/infinity/utils/load.py, line  99)=> block_chunks.7.module.0.ca.mat_kv.weight: False
[03-15 05:05:28] (y/infinity/utils/load.py, line  99)=> block_chunks.7.module.0.ca.proj.weight: False
[03-15 05:05:28] (y/infinity/utils/load.py, line  99)=> block_chunks.7.module.0.ca.proj.bias: False
[03-15 05:05:28] (y/infinity/utils/load.py, line  99)=> block_chunks.7.module.0.ffn.fc1.weight: False
[03-15 05:05:28] (y/infinity/utils/load.py, line  99)=> block_chunks.7.module.0.ffn.fc1.bias: False
[03-15 05:05:28] (y/infinity/utils/load.py, line  99)=> block_chunks.7.module.0.ffn.fc2.weight: False
[03-15 05:05:28] (y/infinity/utils/load.py, line  99)=> block_chunks.7.module.0.ffn.fc2.bias: False
[03-15 05:05:28] (y/infinity/utils/load.py, line  99)=> block_chunks.7.module.0.ca_norm.weight: False
[03-15 05:05:28] (y/infinity/utils/load.py, line  99)=> block_chunks.7.module.0.ca_norm.bias: False
[03-15 05:05:28] (y/infinity/utils/load.py, line  99)=> block_chunks.7.module.1.ada_gss: False
[03-15 05:05:28] (y/infinity/utils/load.py, line  99)=> block_chunks.7.module.1.sa.scale_mul_1H11: False
[03-15 05:05:28] (y/infinity/utils/load.py, line  99)=> block_chunks.7.module.1.sa.q_bias: False
[03-15 05:05:28] (y/infinity/utils/load.py, line  99)=> block_chunks.7.module.1.sa.v_bias: False
[03-15 05:05:28] (y/infinity/utils/load.py, line  99)=> block_chunks.7.module.1.sa.mat_qkv.weight: False
[03-15 05:05:28] (y/infinity/utils/load.py, line  99)=> block_chunks.7.module.1.sa.proj.weight: False
[03-15 05:05:28] (y/infinity/utils/load.py, line  99)=> block_chunks.7.module.1.sa.proj.bias: False
[03-15 05:05:28] (y/infinity/utils/load.py, line  99)=> block_chunks.7.module.1.ca.v_bias: False
[03-15 05:05:28] (y/infinity/utils/load.py, line  99)=> block_chunks.7.module.1.ca.mat_q.weight: False
[03-15 05:05:28] (y/infinity/utils/load.py, line  99)=> block_chunks.7.module.1.ca.mat_q.bias: False
[03-15 05:05:28] (y/infinity/utils/load.py, line  99)=> block_chunks.7.module.1.ca.mat_kv.weight: False
[03-15 05:05:28] (y/infinity/utils/load.py, line  99)=> block_chunks.7.module.1.ca.proj.weight: False
[03-15 05:05:28] (y/infinity/utils/load.py, line  99)=> block_chunks.7.module.1.ca.proj.bias: False
[03-15 05:05:28] (y/infinity/utils/load.py, line  99)=> block_chunks.7.module.1.ffn.fc1.weight: False
[03-15 05:05:28] (y/infinity/utils/load.py, line  99)=> block_chunks.7.module.1.ffn.fc1.bias: False
[03-15 05:05:28] (y/infinity/utils/load.py, line  99)=> block_chunks.7.module.1.ffn.fc2.weight: False
[03-15 05:05:28] (y/infinity/utils/load.py, line  99)=> block_chunks.7.module.1.ffn.fc2.bias: False
[03-15 05:05:28] (y/infinity/utils/load.py, line  99)=> block_chunks.7.module.1.ca_norm.weight: False
[03-15 05:05:28] (y/infinity/utils/load.py, line  99)=> block_chunks.7.module.1.ca_norm.bias: False
[03-15 05:05:28] (y/infinity/utils/load.py, line  99)=> block_chunks.7.module.2.ada_gss: False
[03-15 05:05:28] (y/infinity/utils/load.py, line  99)=> block_chunks.7.module.2.sa.scale_mul_1H11: False
[03-15 05:05:28] (y/infinity/utils/load.py, line  99)=> block_chunks.7.module.2.sa.q_bias: False
[03-15 05:05:28] (y/infinity/utils/load.py, line  99)=> block_chunks.7.module.2.sa.v_bias: False
[03-15 05:05:28] (y/infinity/utils/load.py, line  99)=> block_chunks.7.module.2.sa.mat_qkv.weight: False
[03-15 05:05:28] (y/infinity/utils/load.py, line  99)=> block_chunks.7.module.2.sa.proj.weight: False
[03-15 05:05:28] (y/infinity/utils/load.py, line  99)=> block_chunks.7.module.2.sa.proj.bias: False
[03-15 05:05:28] (y/infinity/utils/load.py, line  99)=> block_chunks.7.module.2.ca.v_bias: False
[03-15 05:05:28] (y/infinity/utils/load.py, line  99)=> block_chunks.7.module.2.ca.mat_q.weight: False
[03-15 05:05:28] (y/infinity/utils/load.py, line  99)=> block_chunks.7.module.2.ca.mat_q.bias: False
[03-15 05:05:28] (y/infinity/utils/load.py, line  99)=> block_chunks.7.module.2.ca.mat_kv.weight: False
[03-15 05:05:28] (y/infinity/utils/load.py, line  99)=> block_chunks.7.module.2.ca.proj.weight: False
[03-15 05:05:28] (y/infinity/utils/load.py, line  99)=> block_chunks.7.module.2.ca.proj.bias: False
[03-15 05:05:28] (y/infinity/utils/load.py, line  99)=> block_chunks.7.module.2.ffn.fc1.weight: False
[03-15 05:05:28] (y/infinity/utils/load.py, line  99)=> block_chunks.7.module.2.ffn.fc1.bias: False
[03-15 05:05:28] (y/infinity/utils/load.py, line  99)=> block_chunks.7.module.2.ffn.fc2.weight: False
[03-15 05:05:28] (y/infinity/utils/load.py, line  99)=> block_chunks.7.module.2.ffn.fc2.bias: False
[03-15 05:05:28] (y/infinity/utils/load.py, line  99)=> block_chunks.7.module.2.ca_norm.weight: False
[03-15 05:05:28] (y/infinity/utils/load.py, line  99)=> block_chunks.7.module.2.ca_norm.bias: False
[03-15 05:05:28] (y/infinity/utils/load.py, line  99)=> block_chunks.7.module.3.ada_gss: False
[03-15 05:05:28] (y/infinity/utils/load.py, line  99)=> block_chunks.7.module.3.sa.scale_mul_1H11: False
[03-15 05:05:28] (y/infinity/utils/load.py, line  99)=> block_chunks.7.module.3.sa.q_bias: False
[03-15 05:05:28] (y/infinity/utils/load.py, line  99)=> block_chunks.7.module.3.sa.v_bias: False
[03-15 05:05:28] (y/infinity/utils/load.py, line  99)=> block_chunks.7.module.3.sa.mat_qkv.weight: False
[03-15 05:05:28] (y/infinity/utils/load.py, line  99)=> block_chunks.7.module.3.sa.proj.weight: False
[03-15 05:05:28] (y/infinity/utils/load.py, line  99)=> block_chunks.7.module.3.sa.proj.bias: False
[03-15 05:05:28] (y/infinity/utils/load.py, line  99)=> block_chunks.7.module.3.ca.v_bias: False
[03-15 05:05:28] (y/infinity/utils/load.py, line  99)=> block_chunks.7.module.3.ca.mat_q.weight: False
[03-15 05:05:28] (y/infinity/utils/load.py, line  99)=> block_chunks.7.module.3.ca.mat_q.bias: False
[03-15 05:05:28] (y/infinity/utils/load.py, line  99)=> block_chunks.7.module.3.ca.mat_kv.weight: False
[03-15 05:05:28] (y/infinity/utils/load.py, line  99)=> block_chunks.7.module.3.ca.proj.weight: False
[03-15 05:05:28] (y/infinity/utils/load.py, line  99)=> block_chunks.7.module.3.ca.proj.bias: False
[03-15 05:05:28] (y/infinity/utils/load.py, line  99)=> block_chunks.7.module.3.ffn.fc1.weight: False
[03-15 05:05:28] (y/infinity/utils/load.py, line  99)=> block_chunks.7.module.3.ffn.fc1.bias: False
[03-15 05:05:28] (y/infinity/utils/load.py, line  99)=> block_chunks.7.module.3.ffn.fc2.weight: False
[03-15 05:05:28] (y/infinity/utils/load.py, line  99)=> block_chunks.7.module.3.ffn.fc2.bias: False
[03-15 05:05:28] (y/infinity/utils/load.py, line  99)=> block_chunks.7.module.3.ca_norm.weight: False
[03-15 05:05:28] (y/infinity/utils/load.py, line  99)=> block_chunks.7.module.3.ca_norm.bias: False
[03-15 05:05:28] (y/infinity/utils/load.py, line  99)=> image_adapter.adapter_gate.weight: True
[03-15 05:05:28] (y/infinity/utils/load.py, line  99)=> image_adapter.adapter_gate.bias: True
[03-15 05:05:28] (y/infinity/utils/load.py, line  99)=> image_adapter.adapter_query.0.weight: True
[03-15 05:05:28] (y/infinity/utils/load.py, line  99)=> image_adapter.adapter_query.0.bias: True
[03-15 05:05:28] (y/infinity/utils/load.py, line  99)=> image_adapter.adapter_query.1.weight: True
[03-15 05:05:28] (y/infinity/utils/load.py, line  99)=> image_adapter.adapter_query.1.bias: True
[03-15 05:05:28] (y/infinity/utils/load.py, line  99)=> image_adapter.adapter_query.2.weight: True
[03-15 05:05:28] (y/infinity/utils/load.py, line  99)=> image_adapter.adapter_query.2.bias: True
[03-15 05:05:28] (y/infinity/utils/load.py, line  99)=> image_adapter.adapter_query.3.weight: True
[03-15 05:05:28] (y/infinity/utils/load.py, line  99)=> image_adapter.adapter_query.3.bias: True
[03-15 05:05:28] (y/infinity/utils/load.py, line  99)=> image_adapter.adapter_query.4.weight: True
[03-15 05:05:28] (y/infinity/utils/load.py, line  99)=> image_adapter.adapter_query.4.bias: True
[03-15 05:05:28] (y/infinity/utils/load.py, line  99)=> image_adapter.adapter_query.5.weight: True
[03-15 05:05:28] (y/infinity/utils/load.py, line  99)=> image_adapter.adapter_query.5.bias: True
[03-15 05:05:28] (y/infinity/utils/load.py, line  99)=> image_adapter.adapter_query.6.weight: True
[03-15 05:05:28] (y/infinity/utils/load.py, line  99)=> image_adapter.adapter_query.6.bias: True
[03-15 05:05:28] (y/infinity/utils/load.py, line  99)=> image_adapter.adapter_query.7.weight: True
[03-15 05:05:28] (y/infinity/utils/load.py, line  99)=> image_adapter.adapter_query.7.bias: True
[03-15 05:05:28] (y/infinity/utils/load.py, line  99)=> image_adapter.adapter_query.8.weight: True
[03-15 05:05:28] (y/infinity/utils/load.py, line  99)=> image_adapter.adapter_query.8.bias: True
[03-15 05:05:28] (y/infinity/utils/load.py, line  99)=> image_adapter.adapter_query.9.weight: True
[03-15 05:05:28] (y/infinity/utils/load.py, line  99)=> image_adapter.adapter_query.9.bias: True
[03-15 05:05:28] (y/infinity/utils/load.py, line  99)=> image_adapter.adapter_query.10.weight: True
[03-15 05:05:28] (y/infinity/utils/load.py, line  99)=> image_adapter.adapter_query.10.bias: True
[03-15 05:05:28] (y/infinity/utils/load.py, line  99)=> image_adapter.adapter_query.11.weight: True
[03-15 05:05:28] (y/infinity/utils/load.py, line  99)=> image_adapter.adapter_query.11.bias: True
[03-15 05:05:28] (y/infinity/utils/load.py, line  99)=> image_adapter.adapter_query.12.weight: True
[03-15 05:05:28] (y/infinity/utils/load.py, line  99)=> image_adapter.adapter_query.12.bias: True
[03-15 05:05:28] (y/infinity/utils/load.py, line  99)=> image_adapter.adapter_query.13.weight: True
[03-15 05:05:28] (y/infinity/utils/load.py, line  99)=> image_adapter.adapter_query.13.bias: True
[03-15 05:05:28] (y/infinity/utils/load.py, line  99)=> image_adapter.adapter_query.14.weight: True
[03-15 05:05:28] (y/infinity/utils/load.py, line  99)=> image_adapter.adapter_query.14.bias: True
[03-15 05:05:28] (y/infinity/utils/load.py, line  99)=> image_adapter.adapter_query.15.weight: True
[03-15 05:05:28] (y/infinity/utils/load.py, line  99)=> image_adapter.adapter_query.15.bias: True
[03-15 05:05:28] (y/infinity/utils/load.py, line  99)=> image_adapter.adapter_query.16.weight: True
[03-15 05:05:28] (y/infinity/utils/load.py, line  99)=> image_adapter.adapter_query.16.bias: True
[03-15 05:05:28] (y/infinity/utils/load.py, line  99)=> image_adapter.adapter_query.17.weight: True
[03-15 05:05:28] (y/infinity/utils/load.py, line  99)=> image_adapter.adapter_query.17.bias: True
[03-15 05:05:28] (y/infinity/utils/load.py, line  99)=> image_adapter.adapter_query.18.weight: True
[03-15 05:05:28] (y/infinity/utils/load.py, line  99)=> image_adapter.adapter_query.18.bias: True
[03-15 05:05:28] (y/infinity/utils/load.py, line  99)=> image_adapter.adapter_query.19.weight: True
[03-15 05:05:28] (y/infinity/utils/load.py, line  99)=> image_adapter.adapter_query.19.bias: True
[03-15 05:05:28] (y/infinity/utils/load.py, line  99)=> image_adapter.adapter_query.20.weight: True
[03-15 05:05:28] (y/infinity/utils/load.py, line  99)=> image_adapter.adapter_query.20.bias: True
[03-15 05:05:28] (y/infinity/utils/load.py, line  99)=> image_adapter.adapter_query.21.weight: True
[03-15 05:05:28] (y/infinity/utils/load.py, line  99)=> image_adapter.adapter_query.21.bias: True
[03-15 05:05:28] (y/infinity/utils/load.py, line  99)=> image_adapter.adapter_query.22.weight: True
[03-15 05:05:28] (y/infinity/utils/load.py, line  99)=> image_adapter.adapter_query.22.bias: True
[03-15 05:05:28] (y/infinity/utils/load.py, line  99)=> image_adapter.adapter_query.23.weight: True
[03-15 05:05:28] (y/infinity/utils/load.py, line  99)=> image_adapter.adapter_query.23.bias: True
[03-15 05:05:28] (y/infinity/utils/load.py, line  99)=> image_adapter.adapter_query.24.weight: True
[03-15 05:05:28] (y/infinity/utils/load.py, line  99)=> image_adapter.adapter_query.24.bias: True
[03-15 05:05:28] (y/infinity/utils/load.py, line  99)=> image_adapter.adapter_query.25.weight: True
[03-15 05:05:28] (y/infinity/utils/load.py, line  99)=> image_adapter.adapter_query.25.bias: True
[03-15 05:05:28] (y/infinity/utils/load.py, line  99)=> image_adapter.adapter_query.26.weight: True
[03-15 05:05:28] (y/infinity/utils/load.py, line  99)=> image_adapter.adapter_query.26.bias: True
[03-15 05:05:28] (y/infinity/utils/load.py, line  99)=> image_adapter.adapter_query.27.weight: True
[03-15 05:05:28] (y/infinity/utils/load.py, line  99)=> image_adapter.adapter_query.27.bias: True
[03-15 05:05:28] (y/infinity/utils/load.py, line  99)=> image_adapter.adapter_query.28.weight: True
[03-15 05:05:28] (y/infinity/utils/load.py, line  99)=> image_adapter.adapter_query.28.bias: True
[03-15 05:05:28] (y/infinity/utils/load.py, line  99)=> image_adapter.adapter_query.29.weight: True
[03-15 05:05:28] (y/infinity/utils/load.py, line  99)=> image_adapter.adapter_query.29.bias: True
[03-15 05:05:28] (y/infinity/utils/load.py, line  99)=> image_adapter.adapter_query.30.weight: True
[03-15 05:05:28] (y/infinity/utils/load.py, line  99)=> image_adapter.adapter_query.30.bias: True
[03-15 05:05:28] (y/infinity/utils/load.py, line  99)=> image_adapter.adapter_query.31.weight: True
[03-15 05:05:28] (y/infinity/utils/load.py, line  99)=> image_adapter.adapter_query.31.bias: True
[03-15 05:05:28] (y/infinity/utils/load.py, line  99)=> image_adapter.image_norm.weight: True
[03-15 05:05:28] (y/infinity/utils/load.py, line  99)=> image_adapter.image_norm.bias: True
[03-15 05:05:28] (y/infinity/utils/load.py, line  99)=> image_adapter.image_proj.weight: True
[03-15 05:05:28] (y/infinity/utils/load.py, line  99)=> image_adapter.image_proj.bias: True
[03-15 05:05:28] (y/infinity/utils/load.py, line  99)=> image_adapter.image_proj2.0.weight: True
[03-15 05:05:28] (y/infinity/utils/load.py, line  99)=> image_adapter.image_proj2.0.bias: True
[03-15 05:05:28] (y/infinity/utils/load.py, line  99)=> image_adapter.image_proj2.1.weight: True
[03-15 05:05:28] (y/infinity/utils/load.py, line  99)=> image_adapter.image_proj2.1.bias: True
[03-15 05:05:28] (y/infinity/utils/load.py, line  99)=> image_adapter.image_proj2.2.weight: True
[03-15 05:05:28] (y/infinity/utils/load.py, line  99)=> image_adapter.image_proj2.2.bias: True
[03-15 05:05:28] (ity/models/init_param.py, line  15)=> [init_weights] Infinity with std=0.02
[03-15 05:05:29] (gannh9/Infinity/train.py, line 175)=> >>>>>>>>>>>>>> Load pretrained model from weights/infinity_2b_reg.pth <<<<<<<<<<<<<<<<<
[03-15 05:05:36] (gannh9/Infinity/train.py, line 179)=> [PT] GPT model = Infinity(
  drop_path_rate=0.1
  (norm0_cond): Identity()
  (text_norm): FastRMSNorm(C=2048, eps=1e-06, elementwise_affine=True)
  (text_proj_for_sos): TextAttentivePool(
    (ca): CrossAttention(
      Cq=2048, Ckv=2048, cos_attn=False
      (mat_kv): Linear(in_features=2048, out_features=4096, bias=False)
      (proj): Linear(in_features=2048, out_features=2048, bias=True)
      (proj_drop): Identity()
    )
  )
  (text_proj_for_ca): Sequential(
    (0): Linear(in_features=2048, out_features=2048, bias=True)
    (1): GELU(approximate='tanh')
    (2): Linear(in_features=2048, out_features=2048, bias=True)
  )
  (lvl_embed): Embedding(15, 2048)
  (norm0_ve): Identity()
  (word_embed): Linear(in_features=32, out_features=2048, bias=True)
  (shared_ada_lin): Sequential(
    (0): SiLU()
    (1): SharedAdaLin(in_features=2048, out_features=12288, bias=True)
  )
  (head_nm): AdaLNBeforeHead(
    (ln_wo_grad): LayerNorm((2048,), eps=1e-06, elementwise_affine=False)
    (ada_lin): Sequential(
      (0): SiLU()
      (1): Linear(in_features=2048, out_features=4096, bias=True)
    )
  )
  (head): Linear(in_features=2048, out_features=64, bias=True)
  (block_chunks): ModuleList(
    (0): MultipleLayers(
      (module): ModuleList(
        (0): CrossAttnBlock(
          shared_aln=True, fused_norm=False, ca_gamma=1
          (drop_path): Identity()
          (sa): SelfAttention(
            using_flash=False, tau=1, cos_attn=True
            (mat_qkv): Linear(in_features=2048, out_features=6144, bias=False)
            (proj): Linear(in_features=2048, out_features=2048, bias=True)
            (proj_drop): Identity()
          )
          (ca): CrossAttention(
            Cq=2048, Ckv=2048, cos_attn=False
            (mat_q): Linear(in_features=2048, out_features=2048, bias=True)
            (mat_kv): Linear(in_features=2048, out_features=4096, bias=False)
            (proj): Linear(in_features=2048, out_features=2048, bias=True)
            (proj_drop): Identity()
          )
          (ffn): FFN(
            fused_mlp=False
            (fc1): Linear(in_features=2048, out_features=8192, bias=True)
            (act): GELU(approximate='tanh')
            (fc2): Linear(in_features=8192, out_features=2048, bias=True)
            (drop): Identity()
          )
          (ln_wo_grad): LayerNorm((2048,), eps=1e-06, elementwise_affine=False)
          (ca_norm): LayerNorm((2048,), eps=1e-06, elementwise_affine=True)
        )
        (1-3): 3 x CrossAttnBlock(
          shared_aln=True, fused_norm=False, ca_gamma=1
          (drop_path): DropPath(...)
          (sa): SelfAttention(
            using_flash=False, tau=1, cos_attn=True
            (mat_qkv): Linear(in_features=2048, out_features=6144, bias=False)
            (proj): Linear(in_features=2048, out_features=2048, bias=True)
            (proj_drop): Identity()
          )
          (ca): CrossAttention(
            Cq=2048, Ckv=2048, cos_attn=False
            (mat_q): Linear(in_features=2048, out_features=2048, bias=True)
            (mat_kv): Linear(in_features=2048, out_features=4096, bias=False)
            (proj): Linear(in_features=2048, out_features=2048, bias=True)
            (proj_drop): Identity()
          )
          (ffn): FFN(
            fused_mlp=False
            (fc1): Linear(in_features=2048, out_features=8192, bias=True)
            (act): GELU(approximate='tanh')
            (fc2): Linear(in_features=8192, out_features=2048, bias=True)
            (drop): Identity()
          )
          (ln_wo_grad): LayerNorm((2048,), eps=1e-06, elementwise_affine=False)
          (ca_norm): LayerNorm((2048,), eps=1e-06, elementwise_affine=True)
        )
      )
    )
    (1-7): 7 x MultipleLayers(
      (module): ModuleList(
        (0-3): 4 x CrossAttnBlock(
          shared_aln=True, fused_norm=False, ca_gamma=1
          (drop_path): DropPath(...)
          (sa): SelfAttention(
            using_flash=False, tau=1, cos_attn=True
            (mat_qkv): Linear(in_features=2048, out_features=6144, bias=False)
            (proj): Linear(in_features=2048, out_features=2048, bias=True)
            (proj_drop): Identity()
          )
          (ca): CrossAttention(
            Cq=2048, Ckv=2048, cos_attn=False
            (mat_q): Linear(in_features=2048, out_features=2048, bias=True)
            (mat_kv): Linear(in_features=2048, out_features=4096, bias=False)
            (proj): Linear(in_features=2048, out_features=2048, bias=True)
            (proj_drop): Identity()
          )
          (ffn): FFN(
            fused_mlp=False
            (fc1): Linear(in_features=2048, out_features=8192, bias=True)
            (act): GELU(approximate='tanh')
            (fc2): Linear(in_features=8192, out_features=2048, bias=True)
            (drop): Identity()
          )
          (ln_wo_grad): LayerNorm((2048,), eps=1e-06, elementwise_affine=False)
          (ca_norm): LayerNorm((2048,), eps=1e-06, elementwise_affine=True)
        )
      )
    )
  )
  (image_adapter): ImageInstructionAdapter(
    (adapter_gate): AdapterGate()
    (adapter_query): ModuleList(
      (0-31): 32 x Linear(in_features=2048, out_features=2048, bias=True)
    )
    (image_norm): LayerNorm((2048,), eps=1e-05, elementwise_affine=True)
    (image_proj): Linear(in_features=2048, out_features=2048, bias=True)
    (image_proj2): ModuleList(
      (0): Linear(in_features=32, out_features=64, bias=True)
      (1): Linear(in_features=64, out_features=64, bias=True)
      (2): Linear(in_features=64, out_features=32, bias=True)
    )
  )
)


[03-15 05:05:36] (gannh9/Infinity/train.py, line 181)=> [PT][#para] VAE=110.12, VAE.quant=0.00
[03-15 05:05:36] (gannh9/Infinity/train.py, line 184)=> [PT][#para] GPT=2343.06


[03-15 05:05:36] (gannh9/Infinity/train.py, line 212)=> >>>>>>>>>>>>>>>>>>>>>>>>>>>>>>>>>>>>>>>>>>>>>      FSDP INIT with args.zero=2 sharding_strategy=<ShardingStrategy.SHARD_GRAD_OP: 2> auto_wrap_policy=<torch.distributed.fsdp.wrap.ModuleWrapPolicy object at 0x7f27ccb8d350>({<class 'infinity.models.infinity.MultipleLayers'>})      <<<<<<<<<<<<<<<<<<<<<<<<<<<<<<<<<<<<<<<<<<<<<
[03-15 05:05:36] (nity/utils/lr_control.py, line  71)=> [get_param_groups][lr decay] with_lr_scale=False, lr_scale=0.0
[03-15 05:05:36] (nity/utils/lr_control.py, line 111)=> [get_param_groups] param_groups = 
{ 'D': { 'lr_sc': '[no scale]',
         'params': "('image_adapter.adapter_gate.weight, image_adapter.adapter_query.0.weight, image_adapter.adapter_query.1.weight, image_adapter.adapter_query.2.weight, image_adapter.adapter_query.3.weight, '\n"
                   " 'image_adapter.adapter_query.4.weight, image_adapter.adapter_query.5.weight, image_adapter.adapter_query.6.weight, image_adapter.adapter_query.7.weight, image_adapter.adapter_query.8.weight, '\n"
                   " 'image_adapter.adapter_query.9.weight, image_adapter.adapter_query.10.weight, image_adapter.adapter_query.11.weight, image_adapter.adapter_query.12.weight, image_adapter.adapter_query.13.weight, '\n"
                   " 'image_adapter.adapter_query.14.weight, image_adapter.adapter_query.15.weight, image_adapter.adapter_query.16.weight, image_adapter.adapter_query.17.weight, image_adapter.adapter_query.18.weight, '\n"
                   " 'image_adapter.adapter_query.19.weight, image_adapter.adapter_query.20.weight, image_adapter.adapter_query.21.weight, image_adapter.adapter_query.22.weight, image_adapter.adapter_query.23.weight, '\n"
                   " 'image_adapter.adapter_query.24.weight, image_adapter.adapter_query.25.weight, image_adapter.adapter_query.26.weight, image_adapter.adapter_query.27.weight, image_adapter.adapter_query.28.weight, '\n"
                   " 'image_adapter.adapter_query.29.weight, image_adapter.adapter_query.30.weight, image_adapter.adapter_query.31.weight, image_adapter.image_proj.weight, image_adapter.image_proj2.0.weight, '\n"
                   " 'image_adapter.image_proj2.1.weight, image_adapter.image_proj2.2.weight')",
         'wd_sc': 1.0},
  'ND': { 'lr_sc': '[no scale]',
          'params': "('image_adapter.adapter_gate.bias, image_adapter.adapter_query.0.bias, image_adapter.adapter_query.1.bias, image_adapter.adapter_query.2.bias, image_adapter.adapter_query.3.bias, '\n"
                    " 'image_adapter.adapter_query.4.bias, image_adapter.adapter_query.5.bias, image_adapter.adapter_query.6.bias, image_adapter.adapter_query.7.bias, image_adapter.adapter_query.8.bias, '\n"
                    " 'image_adapter.adapter_query.9.bias, image_adapter.adapter_query.10.bias, image_adapter.adapter_query.11.bias, image_adapter.adapter_query.12.bias, image_adapter.adapter_query.13.bias, '\n"
                    " 'image_adapter.adapter_query.14.bias, image_adapter.adapter_query.15.bias, image_adapter.adapter_query.16.bias, image_adapter.adapter_query.17.bias, image_adapter.adapter_query.18.bias, '\n"
                    " 'image_adapter.adapter_query.19.bias, image_adapter.adapter_query.20.bias, image_adapter.adapter_query.21.bias, image_adapter.adapter_query.22.bias, image_adapter.adapter_query.23.bias, '\n"
                    " 'image_adapter.adapter_query.24.bias, image_adapter.adapter_query.25.bias, image_adapter.adapter_query.26.bias, image_adapter.adapter_query.27.bias, image_adapter.adapter_query.28.bias, '\n"
                    " 'image_adapter.adapter_query.29.bias, image_adapter.adapter_query.30.bias, image_adapter.adapter_query.31.bias, image_adapter.image_norm.weight, image_adapter.image_norm.bias, '\n"
                    " 'image_adapter.image_proj.bias, image_adapter.image_proj2.0.bias, image_adapter.image_proj2.1.bias, image_adapter.image_proj2.2.bias')",
          'wd_sc': 0.0}}

[03-15 05:05:36] (nity/utils/lr_control.py, line 116)=> [get_param_groups][rank0] type(model).__name__='FullyShardedDataParallel' count=76, numel=138496160
[03-15 05:05:36] (nity/utils/lr_control.py, line 117)=> 
[03-15 05:05:36] (gannh9/Infinity/train.py, line 270)=> [vgpt] optim=functools.partial(<class 'torch.optim.adamw.AdamW'>, betas=(0.9, 0.97), fused=True), opt_kw={'lr': 7.5e-06, 'weight_decay': 0}

[03-15 05:05:36] (gannh9/Infinity/train.py, line 275)=> Loading T5 from google/flan-t5-xl...
