+ init_port=12345
+ true
+ nc -z 127.0.0.1 12345
+ break
+ SINGLE=0
+ ARNOLD_WORKER_NUM=1
+ ARNOLD_ID=0
+ COND_PATH=../RepControlNet/data/Infinity10k/condition_canny
+ IMAGE_PATH=../RepControlNet/data/Infinity10k/train
+ data_path=../RepControlNet/data/Infinity10k/splits
+ BATCH_SIZE=32
+ base_pretrained_path=weights/infinity_2b_reg.pth
+ adapter_pretrained_path=abc
+ eval_vae_path=weights/vae32reg.pth
+ eval_vae_config=weights/vae32reg.json
+ LEARNING_RATE=0.0005
+ val_log_freq=100
++ nvidia-smi --query-gpu=index --format=csv,noheader
++ wc -l
+ NUM_GPUS=2
+ '[' -z '' ']'
+ DESIGN_VERSION=4
+ exp_name=version_4_trangnvt2_bs32_gpu2_lr_0.0005_train_ca_mydataset
+ '[' '!' -z 0 ']'
+ '[' 0 '!=' 0 ']'
+ MASTER_NODE_ID=0
+ nnodes=1
+ node_rank=0
+ master_addr=METIS_WORKER_0_HOST
+ master_addr=
+ master_port=METIS_WORKER_0_PORT
+ master_port=
+ ports=(`echo $master_port | tr ',' ' '`)
++ echo
++ tr , ' '
+ master_port=
+ master_addr=127.0.0.1
+ master_port=12345
+ nproc_per_node=2
+ echo '[nproc_per_node: 2]'
+ echo '[nnodes: 1]'
+ echo '[node_rank: 0]'
+ echo '[master_addr: 127.0.0.1]'
+ echo '[master_port: 12345]'
+ export OMP_NUM_THREADS=8
+ OMP_NUM_THREADS=8
+ export NCCL_IB_DISABLE=0
+ NCCL_IB_DISABLE=0
+ export NCCL_IB_GID_INDEX=3
+ NCCL_IB_GID_INDEX=3
+ BED=checkpoints
+ LOCAL_OUT=local_output
+ mkdir -p checkpoints
+ mkdir -p local_output
+ export COMPILE_GAN=0
+ COMPILE_GAN=0
+ export USE_TIMELINE_SDK=1
+ USE_TIMELINE_SDK=1
+ export CUDA_TIMER_STREAM_KAFKA_CLUSTER=bmq_data_va
+ CUDA_TIMER_STREAM_KAFKA_CLUSTER=bmq_data_va
+ export CUDA_TIMER_STREAM_KAFKA_TOPIC=megatron_cuda_timer_tracing_original_v2
+ CUDA_TIMER_STREAM_KAFKA_TOPIC=megatron_cuda_timer_tracing_original_v2
+ export PYTORCH_CUDA_ALLOC_CONF=expandable_segments:True
+ PYTORCH_CUDA_ALLOC_CONF=expandable_segments:True
+ wandb disabled
+ bed_path=checkpoints/version_4_trangnvt2_bs32_gpu2_lr_0.0005_train_ca_mydataset/
+ video_data_path=
+ local_out_path=local_output/version_4_trangnvt2_bs32_gpu2_lr_0.0005_train_ca_mydataset
+ DESIGN_VERSION=4
+ torchrun --nproc_per_node=2 --nnodes=1 --node_rank=0 --master_addr=127.0.0.1 --master_port=12345 train.py --ep=100 --opt=adamw --cum=3 --sche=lin0 --fp16=2 --ada=0.9_0.97 --tini=-1 --tclip=5 --flash=0 --alng=5e-06 --saln=1 --cos=1 --enable_checkpointing=full-block --local_out_path local_output/version_4_trangnvt2_bs32_gpu2_lr_0.0005_train_ca_mydataset --task_type=t2i --bed=checkpoints/version_4_trangnvt2_bs32_gpu2_lr_0.0005_train_ca_mydataset/ --data_path=../RepControlNet/data/Infinity10k/splits --video_data_path= --exp_name=version_4_trangnvt2_bs32_gpu2_lr_0.0005_train_ca_mydataset --pn 0.06M --model=2bc8 --lbs 32 --workers=2 --short_cap_prob 0.5 --online_t5=1 --use_streaming_dataset 1 --iterable_data_buffersize 30000 --Ct5=2048 --t5_path=google/flan-t5-xl --vae_type 32 --vae_ckpt=weights/infinity_vae_d32_reg.pth --wp 0.00000001 --wpe=1 --dynamic_resolution_across_gpus 1 --enable_dynamic_length_prompt 1 --reweight_loss_by_scale 1 --add_lvl_embeding_only_first_block 1 --rope2d_each_sa_layer 1 --rope2d_normalized_by_hw 2 --use_fsdp_model_ema 0 --always_training_scales 100 --use_bit_label 1 --zero=2 --save_model_iters_freq 1000 --log_freq=100 --checkpoint_type=torch --prefetch_factor=16 --noise_apply_strength 0.3 --noise_apply_layers 13 --apply_spatial_patchify 0 --use_flex_attn=True --pad=128 --use_image_adapter=1 --condition_folder=../RepControlNet/data/Infinity10k/condition_canny --image_folder=../RepControlNet/data/Infinity10k/train --pretrained_path weights/infinity_2b_reg.pth --adapter_pretrained_path abc --tblr=0.0005 --validation False --eval_vae_path weights/vae32reg.pth --eval_vae_config weights/vae32reg.json --auto_resume False --rush_resume weights/infinity_2b_reg.pth --fused_norm False --ep 10000 --seed 710
[W325 00:01:29.990964531 CUDAAllocatorConfig.h:28] Warning: expandable_segments not supported on this platform (function operator())
[W325 00:01:30.516245118 CUDAAllocatorConfig.h:28] Warning: expandable_segments not supported on this platform (function operator())
[rank0]:[W325 00:01:30.528729043 ProcessGroupNCCL.cpp:4115] [PG ID 0 PG GUID 0 Rank 0]  using GPU 0 to perform barrier as devices used by this process are currently unknown. This can potentially cause a hang if this rank to GPU mapping is incorrect.Specify device_ids in barrier() to force use of a particular device,or call init_process_group() with a device_id.
[rank1]:[W325 00:01:30.529895578 ProcessGroupNCCL.cpp:4115] [PG ID 0 PG GUID 0 Rank 1]  using GPU 1 to perform barrier as devices used by this process are currently unknown. This can potentially cause a hang if this rank to GPU mapping is incorrect.Specify device_ids in barrier() to force use of a particular device,or call init_process_group() with a device_id.
/lustre/scratch/client/movian/research/users/ngannh9/Infinity/train.py:91: FutureWarning: You are using `torch.load` with `weights_only=False` (the current default value), which uses the default pickle module implicitly. It is possible to construct malicious pickle data which will execute arbitrary code during unpickling (See https://github.com/pytorch/pytorch/blob/main/SECURITY.md#untrusted-models for more details). In a future release, the default value for `weights_only` will be flipped to `True`. This limits the functions that could be executed during unpickling. Arbitrary objects will no longer be allowed to be loaded via this mode unless they are explicitly allowlisted by the user via `torch.serialization.add_safe_globals`. We recommend you start setting `weights_only=True` for any use case where you don't have full control of the loaded file. Please open an issue on GitHub for any issues related to this experimental feature.
  vae_ckpt = torch.load(args.vae_ckpt, map_location='cpu')
/lustre/scratch/client/movian/research/users/ngannh9/Infinity/train.py:91: FutureWarning: You are using `torch.load` with `weights_only=False` (the current default value), which uses the default pickle module implicitly. It is possible to construct malicious pickle data which will execute arbitrary code during unpickling (See https://github.com/pytorch/pytorch/blob/main/SECURITY.md#untrusted-models for more details). In a future release, the default value for `weights_only` will be flipped to `True`. This limits the functions that could be executed during unpickling. Arbitrary objects will no longer be allowed to be loaded via this mode unless they are explicitly allowlisted by the user via `torch.serialization.add_safe_globals`. We recommend you start setting `weights_only=True` for any use case where you don't have full control of the loaded file. Please open an issue on GitHub for any issues related to this experimental feature.
  vae_ckpt = torch.load(args.vae_ckpt, map_location='cpu')
/lustre/scratch/client/movian/research/users/ngannh9/Infinity/env/flashattn/lib/python3.11/site-packages/torch/nn/init.py:51: UserWarning: Specified kernel cache directory is not writable! This disables kernel caching. Specified directory is /lustre/scratch/client/movian/research/users/ngannh9/.cache/torch/kernels. This warning will appear only once per process. (Triggered internally at ../aten/src/ATen/native/cuda/jit_utils.cpp:1460.)
  tensor.erfinv_()
/lustre/scratch/client/movian/research/users/ngannh9/Infinity/env/flashattn/lib/python3.11/site-packages/torch/nn/init.py:51: UserWarning: Specified kernel cache directory is not writable! This disables kernel caching. Specified directory is /lustre/scratch/client/movian/research/users/ngannh9/.cache/torch/kernels. This warning will appear only once per process. (Triggered internally at ../aten/src/ATen/native/cuda/jit_utils.cpp:1460.)
  tensor.erfinv_()
/lustre/scratch/client/movian/research/users/ngannh9/Infinity/train.py:180: FutureWarning: You are using `torch.load` with `weights_only=False` (the current default value), which uses the default pickle module implicitly. It is possible to construct malicious pickle data which will execute arbitrary code during unpickling (See https://github.com/pytorch/pytorch/blob/main/SECURITY.md#untrusted-models for more details). In a future release, the default value for `weights_only` will be flipped to `True`. This limits the functions that could be executed during unpickling. Arbitrary objects will no longer be allowed to be loaded via this mode unless they are explicitly allowlisted by the user via `torch.serialization.add_safe_globals`. We recommend you start setting `weights_only=True` for any use case where you don't have full control of the loaded file. Please open an issue on GitHub for any issues related to this experimental feature.
  cpu_d = torch.load(args.rush_resume, 'cpu')
/lustre/scratch/client/movian/research/users/ngannh9/Infinity/train.py:180: FutureWarning: You are using `torch.load` with `weights_only=False` (the current default value), which uses the default pickle module implicitly. It is possible to construct malicious pickle data which will execute arbitrary code during unpickling (See https://github.com/pytorch/pytorch/blob/main/SECURITY.md#untrusted-models for more details). In a future release, the default value for `weights_only` will be flipped to `True`. This limits the functions that could be executed during unpickling. Arbitrary objects will no longer be allowed to be loaded via this mode unless they are explicitly allowlisted by the user via `torch.serialization.add_safe_globals`. We recommend you start setting `weights_only=True` for any use case where you don't have full control of the loaded file. Please open an issue on GitHub for any issues related to this experimental feature.
  cpu_d = torch.load(args.rush_resume, 'cpu')
Loading checkpoint shards:   0%|          | 0/2 [00:00<?, ?it/s]Loading checkpoint shards:   0%|          | 0/2 [00:00<?, ?it/s]Loading checkpoint shards:  50%|#####     | 1/2 [00:30<00:30, 30.34s/it]Loading checkpoint shards:  50%|█████     | 1/2 [00:30<00:30, 30.36s/it]Loading checkpoint shards: 100%|##########| 2/2 [00:30<00:00, 12.62s/it]Loading checkpoint shards: 100%|##########| 2/2 [00:30<00:00, 15.28s/it]
Loading checkpoint shards: 100%|██████████| 2/2 [00:30<00:00, 12.63s/it]Loading checkpoint shards: 100%|██████████| 2/2 [00:30<00:00, 15.29s/it]
/lustre/scratch/client/movian/research/users/ngannh9/.cache/matplotlib is not a writable directory
/lustre/scratch/client/movian/research/users/ngannh9/.cache/matplotlib is not a writable directory
Matplotlib created a temporary cache directory at /tmp/matplotlib-kgk97fs_ because there was an issue with the default path (/lustre/scratch/client/movian/research/users/ngannh9/.cache/matplotlib); it is highly recommended to set the MPLCONFIGDIR environment variable to a writable directory, in particular to speed up the import of Matplotlib and to better support multiprocessing.
Matplotlib created a temporary cache directory at /tmp/matplotlib-eljknwjf because there was an issue with the default path (/lustre/scratch/client/movian/research/users/ngannh9/.cache/matplotlib); it is highly recommended to set the MPLCONFIGDIR environment variable to a writable directory, in particular to speed up the import of Matplotlib and to better support multiprocessing.
/lustre/scratch/client/movian/research/users/ngannh9/Infinity/infinity/models/basic4.py:513: FutureWarning: `torch.cuda.amp.autocast(args...)` is deprecated. Please use `torch.amp.autocast('cuda', args...)` instead.
  with torch.cuda.amp.autocast(enabled=False):    # disable half precision
/lustre/scratch/client/movian/research/users/ngannh9/Infinity/infinity/models/basic4.py:513: FutureWarning: `torch.cuda.amp.autocast(args...)` is deprecated. Please use `torch.amp.autocast('cuda', args...)` instead.
  with torch.cuda.amp.autocast(enabled=False):    # disable half precision
/lustre/scratch/client/movian/research/users/ngannh9/Infinity/infinity/models/basic4.py:513: FutureWarning: `torch.cuda.amp.autocast(args...)` is deprecated. Please use `torch.amp.autocast('cuda', args...)` instead.
  with torch.cuda.amp.autocast(enabled=False):    # disable half precision
/lustre/scratch/client/movian/research/users/ngannh9/Infinity/infinity/models/basic4.py:513: FutureWarning: `torch.cuda.amp.autocast(args...)` is deprecated. Please use `torch.amp.autocast('cuda', args...)` instead.
  with torch.cuda.amp.autocast(enabled=False):    # disable half precision
/lustre/scratch/client/movian/research/users/ngannh9/Infinity/infinity/models/basic4.py:513: FutureWarning: `torch.cuda.amp.autocast(args...)` is deprecated. Please use `torch.amp.autocast('cuda', args...)` instead.
  with torch.cuda.amp.autocast(enabled=False):    # disable half precision
/lustre/scratch/client/movian/research/users/ngannh9/Infinity/infinity/models/basic4.py:513: FutureWarning: `torch.cuda.amp.autocast(args...)` is deprecated. Please use `torch.amp.autocast('cuda', args...)` instead.
  with torch.cuda.amp.autocast(enabled=False):    # disable half precision
/lustre/scratch/client/movian/research/users/ngannh9/Infinity/env/flashattn/lib/python3.11/site-packages/torch/distributed/fsdp/fully_sharded_data_parallel.py:690: FutureWarning: FSDP.state_dict_type() and FSDP.set_state_dict_type() are being deprecated. Please use APIs, get_state_dict() and set_state_dict(), which can support different parallelisms, FSDP1, FSDP2, DDP. API doc: https://pytorch.org/docs/stable/distributed.checkpoint.html#torch.distributed.checkpoint.state_dict.get_state_dict .Tutorial: https://pytorch.org/tutorials/recipes/distributed_checkpoint_recipe.html .
  warnings.warn(
/lustre/scratch/client/movian/research/users/ngannh9/Infinity/env/flashattn/lib/python3.11/site-packages/torch/distributed/fsdp/fully_sharded_data_parallel.py:690: FutureWarning: FSDP.state_dict_type() and FSDP.set_state_dict_type() are being deprecated. Please use APIs, get_state_dict() and set_state_dict(), which can support different parallelisms, FSDP1, FSDP2, DDP. API doc: https://pytorch.org/docs/stable/distributed.checkpoint.html#torch.distributed.checkpoint.state_dict.get_state_dict .Tutorial: https://pytorch.org/tutorials/recipes/distributed_checkpoint_recipe.html .
  warnings.warn(
slurmstepd: error: *** JOB 147506 ON sdc2-hpc-dgx-a100-010 CANCELLED AT 2025-03-26T13:06:57 ***
